This is TeX, Version 3.1415 (C version 6.1.2.1) (format=latex 6.2.12)  4 JUN 2014 15:26
**&latex2e Murphy_Periodic_Steady_and_Dynamic_Advective_Diffusion_Problem_05-29
-2014.tex
(Murphy_Periodic_Steady_and_Dynamic_Advective_Diffusion_Problem_05-29-2014.tex
LaTeX2e(BETA TEST RELEASE)  <2005/12/01>
Babel <v3.7h> and hyphenation patterns for english, loaded.
(/usr/local/lib/tex/latex2e/unpacked/amsart.cls
Document Class: amsart 2009/07/02 v2.20.1
\linespacing=\dimen102
\normalparindent=\dimen103
\normaltopskip=\skip41
(/usr/local/lib/tex/latex2e/unpacked/amsmath.sty
Package: amsmath 2000/07/18 v2.13 AMS math features
\@mathmargin=\skip42

For additional information on amsmath, use the `?' option.
(/usr/local/lib/tex/latex2e/unpacked/amstext.sty
Package: amstext 2000/06/29 v2.01

(/usr/local/lib/tex/latex2e/unpacked/amsgen.sty
File: amsgen.sty 1999/11/30 v2.0
\@emptytoks=\toks14
\ex@=\dimen104
))
(/usr/local/lib/tex/latex2e/unpacked/amsbsy.sty
Package: amsbsy 1999/11/29 v1.2d
\pmbraise@=\dimen105
)
(/usr/local/lib/tex/latex2e/unpacked/amsopn.sty
Package: amsopn 1999/12/14 v2.01 operator names
)
\inf@bad=\count79
LaTeX Info: Redefining \frac on input line 211.
\uproot@=\count80
\leftroot@=\count81
LaTeX Info: Redefining \overline on input line 307.
\classnum@=\count82
\DOTSCASE@=\count83
LaTeX Info: Redefining \ldots on input line 379.
LaTeX Info: Redefining \dots on input line 382.
LaTeX Info: Redefining \cdots on input line 467.
\Mathstrutbox@=\box26
\strutbox@=\box27
\big@size=\dimen106
LaTeX Font Info:    Redeclaring font encoding OML on input line 567.
LaTeX Font Info:    Redeclaring font encoding OMS on input line 568.
\macc@depth=\count84
\c@MaxMatrixCols=\count85
\dotsspace@=\muskip10
\c@parentequation=\count86
\dspbrk@lvl=\count87
\tag@help=\toks15
\row@=\count88
\column@=\count89
\maxfields@=\count90
\andhelp@=\toks16
\eqnshift@=\dimen107
\alignsep@=\dimen108
\tagshift@=\dimen109
\tagwidth@=\dimen110
\totwidth@=\dimen111
\lineht@=\dimen112
\@envbody=\toks17
\multlinegap=\skip43
\multlinetaggap=\skip44
\mathdisplay@stack=\toks18
LaTeX Info: Redefining \[ on input line 2666.
LaTeX Info: Redefining \] on input line 2667.
)
LaTeX Font Info:    Try loading font information for U+msa on input line 368.

(/usr/local/lib/tex/latex2e/unpacked/umsa.fd
File: umsa.fd 2002/01/19 v2.2g AMS font definitions
)
(/usr/local/lib/tex/latex2e/unpacked/amsfonts.sty
Package: amsfonts 2001/10/25 v2.2f
\symAMSa=\mathgroup4
\symAMSb=\mathgroup5
LaTeX Font Info:    Overwriting math alphabet `\mathfrak' in version `bold'
(Font)                  U/euf/m/n --> U/euf/b/n on input line 132.
)
\copyins=\insert233
\abstractbox=\box28
\listisep=\skip45
\c@part=\count91
\c@section=\count92
\c@subsection=\count93
\c@subsubsection=\count94
\c@paragraph=\count95
\c@subparagraph=\count96
\c@figure=\count97
\c@table=\count98
\abovecaptionskip=\skip46
\belowcaptionskip=\skip47
\captionindent=\dimen113
\thm@style=\toks19
\thm@bodyfont=\toks20
\thm@headfont=\toks21
\thm@notefont=\toks22
\thm@headpunct=\toks23
\thm@preskip=\skip48
\thm@postskip=\skip49
\thm@headsep=\skip50
\dth@everypar=\toks24
)
(/usr/local/lib/tex/latex2e/unpacked/graphicx.sty
Package: graphicx 1999/02/16 v1.0f Enhanced LaTeX Graphics (DPC,SPQR)

(/usr/local/lib/tex/latex2e/unpacked/keyval.sty
Package: keyval 1999/03/16 v1.13 key=value parser (DPC)
\KV@toks@=\toks25
)
(/usr/local/lib/tex/latex2e/unpacked/graphics.sty
Package: graphics 2001/07/07 v1.0n Standard LaTeX Graphics (DPC,SPQR)

(/usr/local/lib/tex/inputs/trig.sty
Package: trig 1994/10/16 v1.08 sin cos tan (DPC)
)
(/usr/local/lib/tex/latex2e/unpacked/graphics.cfg)
Package graphics Info: Driver file: dvips.def on input line 80.

(/usr/local/lib/tex/latex2e/unpacked/dvips.def
File: dvips.def 1999/02/16 v3.0i Driver-dependant file (DPC,SPQR)
))
\Gin@req@height=\dimen114
\Gin@req@width=\dimen115
)
(/usr/local/lib/tex/latex2e/unpacked/amssymb.sty
Package: amssymb 2002/01/22 v2.2d
)
(/usr/local/lib/tex/latex2e/unpacked/mathrsfs.sty
Package: mathrsfs 1996/01/01 Math RSFS package v1.0 (jk)
\symrsfs=\mathgroup6
)
\c@theorem=\count99
\c@lemma=\count100
\c@corollary=\count101

(Murphy_Periodic_Steady_and_Dynamic_Advective_Diffusion_Problem_05-29-2014.aux

LaTeX Warning: Label `eq:x_Expansion' multiply defined.

)
LaTeX Font Info:    Checking defaults for OML/cmm/m/it on input line 126.
LaTeX Font Info:    ... okay on input line 126.
LaTeX Font Info:    Checking defaults for T1/cmr/m/n on input line 126.
LaTeX Font Info:    ... okay on input line 126.
LaTeX Font Info:    Checking defaults for OT1/cmr/m/n on input line 126.
LaTeX Font Info:    ... okay on input line 126.
LaTeX Font Info:    Checking defaults for OMS/cmsy/m/n on input line 126.
LaTeX Font Info:    ... okay on input line 126.
LaTeX Font Info:    Checking defaults for OMX/cmex/m/n on input line 126.
LaTeX Font Info:    ... okay on input line 126.
LaTeX Font Info:    Checking defaults for U/cmr/m/n on input line 126.
LaTeX Font Info:    ... okay on input line 126.
LaTeX Font Info:    Try loading font information for U+msa on input line 126.
 (/usr/local/lib/tex/latex2e/unpacked/umsa.fd
File: umsa.fd 2002/01/19 v2.2g AMS font definitions
)
LaTeX Font Info:    Try loading font information for U+msb on input line 126.

(/usr/local/lib/tex/latex2e/unpacked/umsb.fd
File: umsb.fd 2002/01/19 v2.2g AMS font definitions
)
LaTeX Font Info:    Try loading font information for U+rsfs on input line 126.

(/usr/local/lib/tex/latex2e/unpacked/ursfs.fd
File: ursfs.fd 1998/03/24 rsfs font definition file (jk)
)

Class amsart Warning: Abstract should precede \maketitle in AMS document classe
s; reported on input line 163.

[1] [2] [3] [4] [5] [6] [7] [8] [9] [10] [11] [12] [13] [14] [15]
Overfull \hbox (3.14406pt too wide) in paragraph at lines 2028--2053
\OT1/cmr/m/n/10.95 Equation [] im-plies that for all $\OML/cmm/m/it/10.95 f \OM
S/cmsy/m/n/10.95 2 \OML/cmm/m/it/10.95 D\OT1/cmr/m/n/10.95 (\OML/cmm/m/it/10.95
 A\OT1/cmr/m/n/10.95 )  \OMS/cmsy/m/n/10.95 ([])  []\OML/cmm/m/it/10.95 f \OMS/
cmsy/m/n/10.95 2 \OML/cmm/m/it/10.95 D\OT1/cmr/m/n/10.95 (\OT1/cmr/bx/n/10.95 A
\OT1/cmr/m/n/10.95 )$ we have $d\OMS/cmsy/m/n/10.95 k\OML/cmm/m/it/10.95 Q[]\OT
1/cmr/m/n/10.95 (\OML/cmm/m/it/10.95 ^^U\OT1/cmr/m/n/10.95 )\OML/cmm/m/it/10.95
 f\OMS/cmsy/m/n/10.95 k[] \OT1/cmr/m/n/10.95 = d\OMS/cmsy/m/n/10.95 k\OT1/cmr/b
x/n/10.95 Q[]\OT1/cmr/m/n/10.95 (\OML/cmm/m/it/10.95 ^^U\OT1/cmr/m/n/10.95 )[]\
OML/cmm/m/it/10.95 f\OMS/cmsy/m/n/10.95 k[]$\OT1/cmr/m/n/10.95 ,
 []

[16] [17] [18] [19] [20] [21] [22] [23] [24] [25]
Overfull \hbox (15.481pt too wide) in paragraph at lines 3232--3232
[] 
 []


Overfull \hbox (19.19554pt too wide) in paragraph at lines 3292--3292
[] 
 []

[26]

LaTeX Warning: Reference `eq:Cell_Problem_mod' on page 27 undefined on input li
ne 3332.


LaTeX Warning: Reference `eq:Cell_Problem_mod' on page 27 undefined on input li
ne 3367.


Underfull \vbox (badness 5133) has occurred while \output is active []

 [27]

LaTeX Warning: Reference `eq:Effective_Diffusivity' on page 28 undefined on inp
ut line 3451.


Overfull \hbox (1.31836pt too wide) in paragraph at lines 3485--3485
[] 
 []

[28]
Overfull \hbox (6.80873pt too wide) in paragraph at lines 3579--3579
[] 
 []

[29] [30] [31]
(Murphy_Periodic_Steady_and_Dynamic_Advective_Diffusion_Problem_05-29-2014.bbl
[32]) [33]
(Murphy_Periodic_Steady_and_Dynamic_Advective_Diffusion_Problem_05-29-2014.aux)

LaTeX Warning: There were undefined references.


LaTeX Warning: There were multiply-defined labels.

 ) 
Here is how much of TeX's memory you used:
 2252 strings out of 28583
 25320 string characters out of 471185
 80709 words of memory out of 524286
 4995 multiletter control sequences out of 27000
 16867 words of font info for 64 fonts, out of 800000 for 255
 176 hyphenation exceptions out of 2003
 34i,17n,32p,374b,438s stack positions out of 300i,40n,60p,3000b,4000s

Output written on Murphy_Periodic_Steady_and_Dynamic_Advective_Diffusion_Proble
m_05-29-2014.dvi (33 pages, 239952 bytes).
