This is TeX, Version 3.1415 (C version 6.1.2.1) (format=latex 6.2.12)  11 OCT 2015 15:36
**&latex2e Murphy_Dynamic_Steady_Periodic_TimeStochastic_10-10-2015.tex
(Murphy_Dynamic_Steady_Periodic_TimeStochastic_10-10-2015.tex
LaTeX2e(BETA TEST RELEASE)  <2005/12/01>
Babel <v3.7h> and hyphenation patterns for english, loaded.
(siamltex1213.cls
Document Class: siamltex1213 2013/10/21 v1.0 LaTeX document e-class
(/usr/local/lib/tex/latex2e/unpacked/leqno.clo
File: leqno.clo 1998/08/17 v1.1c Standard LaTeX option (left equation numbers)
)
(/usr/local/lib/tex/latex2e/unpacked/leqno.clo
File: leqno.clo 1998/08/17 v1.1c Standard LaTeX option (left equation numbers)
) (siam10.clo
File: siam10.clo 1994/10/01 v1.0 SIAM LaTeX file (size option)
)
\c@section=\count79
\c@subsection=\count80
\c@subsubsection=\count81
\c@paragraph=\count82
\c@subparagraph=\count83
\c@rmnum=\count84
\c@muni=\count85
\c@theorem=\count86
\c@figure=\count87
\c@table=\count88
\abovecaptionskip=\skip41
\belowcaptionskip=\skip42
\bibindent=\dimen102

(/usr/local/lib/tex/latex2e/unpacked/color.sty
Package: color 1999/02/16 v1.0i Standard LaTeX Color (DPC)
Package color Info: Driver file: dvips.def on input line 125.

(/usr/local/lib/tex/latex2e/unpacked/dvips.def
File: dvips.def 1999/02/16 v3.0i Driver-dependant file (DPC,SPQR)
)
(/usr/local/lib/tex/latex2e/unpacked/dvipsnam.def
File: dvipsnam.def 1999/02/16 v3.0i Driver-dependant file (DPC,SPQR)
))
(/usr/local/lib/tex/latex2e/unpacked/graphics.sty
Package: graphics 2001/07/07 v1.0n Standard LaTeX Graphics (DPC,SPQR)

(/usr/local/lib/tex/inputs/trig.sty
Package: trig 1994/10/16 v1.08 sin cos tan (DPC)
)
(/usr/local/lib/tex/latex2e/unpacked/graphics.cfg)
Package graphics Info: Driver file: dvips.def on input line 80.
)
(/usr/local/lib/tex/latex2e/unpacked/graphicx.sty
Package: graphicx 1999/02/16 v1.0f Enhanced LaTeX Graphics (DPC,SPQR)

(/usr/local/lib/tex/latex2e/unpacked/keyval.sty
Package: keyval 1999/03/16 v1.13 key=value parser (DPC)
\KV@toks@=\toks14
)
\Gin@req@height=\dimen103
\Gin@req@width=\dimen104
)
(/usr/local/lib/tex/latex2e/unpacked/hyperref.sty
Package: hyperref 2003/11/30 v6.74m Hypertext links for LaTeX
\@linkdim=\dimen105
\Hy@linkcounter=\count89
\Hy@pagecounter=\count90

(/usr/local/lib/tex/latex2e/unpacked/pd1enc.def
File: pd1enc.def 2003/11/30 v6.74m Hyperref: PDFDocEncoding definition (HO)
)
Package hyperref Info: Option `colorlinks' set `true' on input line 1830.
Package hyperref Info: Hyper figures OFF on input line 1880.
Package hyperref Info: Link nesting OFF on input line 1885.
Package hyperref Info: Hyper index ON on input line 1888.
Package hyperref Info: Plain pages ON on input line 1893.
Package hyperref Info: Backreferencing OFF on input line 1900.

Implicit mode ON; LaTeX internals redefined
Package hyperref Info: Bookmarks ON on input line 2004.
(/usr/local/lib/tex/inputs/url.sty
\Urlmuskip=\muskip10
Package: url 2005/06/27  ver 3.2  Verb mode for urls, etc.
)
LaTeX Info: Redefining \url on input line 2143.
\Fld@menulength=\count91
\Field@Width=\dimen106
\Fld@charsize=\dimen107
\Choice@toks=\toks15
\Field@toks=\toks16
Package hyperref Info: Hyper figures OFF on input line 2618.
Package hyperref Info: Link nesting OFF on input line 2623.
Package hyperref Info: Hyper index ON on input line 2626.
Package hyperref Info: backreferencing OFF on input line 2633.
Package hyperref Info: Link coloring ON on input line 2636.
\c@Item=\count92
\c@Hfootnote=\count93
)
*hyperref using driver hdvips*
(/usr/local/lib/tex/latex2e/unpacked/hdvips.def
File: hdvips.def 2003/11/30 v6.74m Hyperref driver for dvips

(/usr/local/lib/tex/latex2e/unpacked/pdfmark.def
File: pdfmark.def 2003/11/30 v6.74m Hyperref definitions for pdfmark specials
\pdf@docset=\toks17
\pdf@box=\box26
\pdf@toks=\toks18
\pdf@defaulttoks=\toks19
\Fld@listcount=\count94
\@outlinefile=\write3
)))
(/usr/local/lib/tex/latex2e/unpacked/amssymb.sty
Package: amssymb 2002/01/22 v2.2d

(/usr/local/lib/tex/latex2e/unpacked/amsfonts.sty
Package: amsfonts 2001/10/25 v2.2f
\@emptytoks=\toks20
\symAMSa=\mathgroup4
\symAMSb=\mathgroup5
LaTeX Font Info:    Overwriting math alphabet `\mathfrak' in version `bold'
(Font)                  U/euf/m/n --> U/euf/b/n on input line 132.
))
(/usr/local/lib/tex/latex2e/unpacked/amsmath.sty
Package: amsmath 2000/07/18 v2.13 AMS math features
\@mathmargin=\skip43

For additional information on amsmath, use the `?' option.
(/usr/local/lib/tex/latex2e/unpacked/amstext.sty
Package: amstext 2000/06/29 v2.01

(/usr/local/lib/tex/latex2e/unpacked/amsgen.sty
File: amsgen.sty 1999/11/30 v2.0
\@emptytoks=\toks21
\ex@=\dimen108
))
(/usr/local/lib/tex/latex2e/unpacked/amsbsy.sty
Package: amsbsy 1999/11/29 v1.2d
\pmbraise@=\dimen109
)
(/usr/local/lib/tex/latex2e/unpacked/amsopn.sty
Package: amsopn 1999/12/14 v2.01 operator names
)
\inf@bad=\count95
LaTeX Info: Redefining \frac on input line 211.
\uproot@=\count96
\leftroot@=\count97
LaTeX Info: Redefining \overline on input line 307.
\classnum@=\count98
\DOTSCASE@=\count99
LaTeX Info: Redefining \ldots on input line 379.
LaTeX Info: Redefining \dots on input line 382.
LaTeX Info: Redefining \cdots on input line 467.
\Mathstrutbox@=\box27
\strutbox@=\box28
\big@size=\dimen110
LaTeX Font Info:    Redeclaring font encoding OML on input line 567.
LaTeX Font Info:    Redeclaring font encoding OMS on input line 568.
\macc@depth=\count100
\c@MaxMatrixCols=\count101
\dotsspace@=\muskip11
\c@parentequation=\count102
\dspbrk@lvl=\count103
\tag@help=\toks22
\row@=\count104
\column@=\count105
\maxfields@=\count106
\andhelp@=\toks23
\eqnshift@=\dimen111
\alignsep@=\dimen112
\tagshift@=\dimen113
\tagwidth@=\dimen114
\totwidth@=\dimen115
\lineht@=\dimen116
\@envbody=\toks24
\multlinegap=\skip44
\multlinetaggap=\skip45
\mathdisplay@stack=\toks25
LaTeX Info: Redefining \[ on input line 2666.
LaTeX Info: Redefining \] on input line 2667.
)
(/usr/local/lib/tex/latex2e/unpacked/mathrsfs.sty
Package: mathrsfs 1996/01/01 Math RSFS package v1.0 (jk)
\symrsfs=\mathgroup6
)
(Murphy_Dynamic_Steady_Periodic_TimeStochastic_10-10-2015.aux)
LaTeX Font Info:    Checking defaults for OML/cmm/m/it on input line 196.
LaTeX Font Info:    ... okay on input line 196.
LaTeX Font Info:    Checking defaults for T1/cmr/m/n on input line 196.
LaTeX Font Info:    ... okay on input line 196.
LaTeX Font Info:    Checking defaults for OT1/cmr/m/n on input line 196.
LaTeX Font Info:    ... okay on input line 196.
LaTeX Font Info:    Checking defaults for OMS/cmsy/m/n on input line 196.
LaTeX Font Info:    ... okay on input line 196.
LaTeX Font Info:    Checking defaults for OMX/cmex/m/n on input line 196.
LaTeX Font Info:    ... okay on input line 196.
LaTeX Font Info:    Checking defaults for U/cmr/m/n on input line 196.
LaTeX Font Info:    ... okay on input line 196.
LaTeX Font Info:    Checking defaults for PD1/pdf/m/n on input line 196.
LaTeX Font Info:    ... okay on input line 196.
Package hyperref Info: Link coloring ON on input line 196.

(/usr/local/lib/tex/latex2e/unpacked/nameref.sty
Package: nameref 2003/12/03 v2.21 Cross-referencing by name of section
\c@section@level=\count107
)
LaTeX Info: Redefining \ref on input line 196.
LaTeX Info: Redefining \pageref on input line 196.

(Murphy_Dynamic_Steady_Periodic_TimeStochastic_10-10-2015.out)
(Murphy_Dynamic_Steady_Periodic_TimeStochastic_10-10-2015.out)
LaTeX Font Info:    Try loading font information for U+msa on input line 198.

(/usr/local/lib/tex/latex2e/unpacked/umsa.fd
File: umsa.fd 2002/01/19 v2.2g AMS font definitions
)
LaTeX Font Info:    Try loading font information for U+msb on input line 198.

(/usr/local/lib/tex/latex2e/unpacked/umsb.fd
File: umsb.fd 2002/01/19 v2.2g AMS font definitions
)
LaTeX Font Info:    Try loading font information for U+rsfs on input line 198.

(/usr/local/lib/tex/latex2e/unpacked/ursfs.fd
File: ursfs.fd 1998/03/24 rsfs font definition file (jk)
) [1

]
Underfull \vbox (badness 1668) has occurred while \output is active []

 [2]
Underfull \vbox (badness 3954) has occurred while \output is active []

 [3]
[4] [5] [6]
Overfull \hbox (79.92242pt too wide) in paragraph at lines 938--938
[] |
 []

[7]
Overfull \hbox (26.45168pt too wide) in paragraph at lines 1037--1037
[] |
 []

[8] [9]
Overfull \hbox (34.40192pt too wide) in paragraph at lines 1212--1212
[] |
 []

[10]
Overfull \hbox (46.01135pt too wide) in paragraph at lines 1287--1287
[] |
 []

[11]

LaTeX Warning: Reference `eq:ADE_Divergence' on page 12 undefined on input line
 1430.


LaTeX Warning: Reference `eq:ADE_Divergence' on page 12 undefined on input line
 1436.


LaTeX Warning: Reference `eq:ADE_Divergence' on page 12 undefined on input line
 1439.

[12]
Overfull \hbox (16.54065pt too wide) in paragraph at lines 1484--1484
[] |
 []

[13] [14]
Overfull \hbox (38.3199pt too wide) in paragraph at lines 1723--1723
[] |
 []


Overfull \hbox (14.63101pt too wide) in paragraph at lines 1752--1752
[] |
 []

[15]
Overfull \hbox (51.43208pt too wide) in paragraph at lines 1894--1894
[] |
 []

[16]

LaTeX Warning: Reference `sec:Integral_Rep_Matrix_curl_free' on page 17 undefin
ed on input line 2039.


LaTeX Warning: Reference `sec:Integral_Rep_Matrix_Sobolev' on page 17 undefined
 on input line 2040.

[17] [18] [19] [20]

LaTeX Warning: Reference `sec:Assymptotics' on page 21 undefined on input line 
2357.


Overfull \hbox (14.01656pt too wide) in paragraph at lines 2380--2380
[] |
 []

[21]
Overfull \hbox (0.84193pt too wide) in paragraph at lines 2488--2488
[] |
 []


Overfull \hbox (3.6445pt too wide) in paragraph at lines 2488--2510
\OMS/cmsy/m/n/10 k\OT1/cmr/bx/n/10 Q\OT1/cmr/m/n/10 (\OML/cmm/m/it/10 z\OT1/cmr
/m/n/10 )[][]\OMS/cmsy/m/n/10 k[]$ \OT1/cmr/m/n/10 is a pos-i-tive func-tion so
 that $[] \OML/cmm/m/it/10 ^^V[]\OT1/cmr/m/n/10 (\OML/cmm/m/it/10 z\OT1/cmr/m/n
/10 ) = \OML/cmm/m/it/10 ^^V[]\OT1/cmr/m/n/10 (\OML/cmm/m/it/10 z\OT1/cmr/m/n/1
0 )$ and $d\OML/cmm/m/it/10 ^^V[]\OT1/cmr/m/n/10 (\OML/cmm/m/it/10 z\OT1/cmr/m/
n/10 ) = d\OMS/cmsy/m/n/10 k\OT1/cmr/bx/n/10 Q\OT1/cmr/m/n/10 (\OML/cmm/m/it/10
 z\OT1/cmr/m/n/10 )[][]\OMS/cmsy/m/n/10 k[]$|
 []

[22]
Overfull \hbox (33.49625pt too wide) in paragraph at lines 2658--2658
[] |
 []

[23]
Overfull \hbox (19.22948pt too wide) in paragraph at lines 2724--2724
[] |
 []

[24] [25]
Overfull \hbox (0.64891pt too wide) in paragraph at lines 2921--2937
[][]\OT1/cmr/bx/n/10 T[] $\OT1/cmr/m/n/10 , $ [][] = \OMS/cmsy/m/n/10 ^^@\OT1/c
mr/m/n/10 ^^@\OT1/cmss/m/n/10 H[][]$\OT1/cmr/m/n/10 , and $\OT1/cmr/bx/n/10 A \
OT1/cmr/m/n/10 = ^^@\OT1/cmss/m/n/10 H \OMS/cmsy/m/n/10 ^^@ [][]\OT1/cmr/bx/n/1
0 T$ \OT1/cmr/m/n/10 dis-played in equa-tions, [], and [],|
 []

[26]
Overfull \hbox (0.67723pt too wide) in paragraph at lines 3071--3071
[] |
 []


Overfull \hbox (4.4691pt too wide) in paragraph at lines 3071--3096
\OT1/cmr/m/n/10 Equation [] im-plies that for all $\OML/cmm/m/it/10 f \OMS/cmsy
/m/n/10 2 \OML/cmm/m/it/10 D\OT1/cmr/m/n/10 (\OML/cmm/m/it/10 A\OT1/cmr/m/n/10 
)  \OMS/cmsy/m/n/10 ([])  []\OML/cmm/m/it/10 f \OMS/cmsy/m/n/10 2 \OML/cmm/m/it
/10 D\OT1/cmr/m/n/10 (\OT1/cmr/bx/n/10 A\OT1/cmr/m/n/10 )$ we have $d\OMS/cmsy/
m/n/10 k\OML/cmm/m/it/10 Q[]\OT1/cmr/m/n/10 (\OML/cmm/m/it/10 ^^U\OT1/cmr/m/n/1
0 )\OML/cmm/m/it/10 f\OMS/cmsy/m/n/10 k[] \OT1/cmr/m/n/10 =|
 []

[27]
Overfull \hbox (49.074pt too wide) in paragraph at lines 3141--3141
[] |
 []


Overfull \hbox (2.44135pt too wide) in paragraph at lines 3206--3206
[] |
 []

[28]
Overfull \hbox (9.13968pt too wide) in paragraph at lines 3302--3313
[]$\OT1/cmr/m/n/10 , $\OML/cmm/m/it/10 ^^U[] \OMS/cmsy/m/n/10 2 \U/msb/m/n/10 R
$\OT1/cmr/m/n/10 , $\OML/cmm/m/it/10 l \OT1/cmr/m/n/10 = 1\OML/cmm/m/it/10 ; \O
T1/cmr/m/n/10 2\OML/cmm/m/it/10 ; \OT1/cmr/m/n/10 3\OML/cmm/m/it/10 ; []$\OT1/c
mr/m/n/10 , in-volv-ing the integro-differential op-er-a-tor $\OML/cmm/m/it/10 
A \OT1/cmr/m/n/10 = (\OMS/cmsy/m/n/10 ^^@\OT1/cmr/m/n/10 ^^A)[](\OML/cmm/m/it/1
0 @[] \OT1/cmr/m/n/10 +|
 []

[29] [30] [31]
Overfull \hbox (24.21657pt too wide) in paragraph at lines 3540--3546
 \OT1/cmr/bx/n/10 8.1. Ma-trix rep-re-sen-ta-tions of the eigen-value prob-lem.
[] \OT1/cmr/m/n/10 In the \OT1/cmr/m/it/10 time-independent|
 []

[32]

LaTeX Warning: Reference `eq:Integral_Rep_Discrete' on page 33 undefined on inp
ut line 3621.


LaTeX Warning: Reference `eq:Signed_mu_Dis' on page 33 undefined on input line 
3623.

[33] [34] [35] [36]
Overfull \hbox (5.43143pt too wide) in paragraph at lines 4023--4036
 \OT1/cmr/bx/n/10 A.4. An-ti-sym-me-try.[] \OT1/cmr/m/n/10 In this sec-tion we 
show that the op-er-a-tor $\OML/cmm/m/it/10 A \OT1/cmr/m/n/10 = (\OMS/cmsy/m/n/
10 ^^@\OT1/cmr/m/n/10 ^^A)[](\OML/cmm/m/it/10 @[] \OMS/cmsy/m/n/10 ^^@|
 []

[37]

LaTeX Warning: Reference `eq:incompressible' on page 38 undefined on input line
 4092.


Overfull \hbox (78.02965pt too wide) in paragraph at lines 4116--4116
[] |
 []


Overfull \hbox (19.38104pt too wide) in paragraph at lines 4135--4135
[] |
 []

[38] [39] [40]
Overfull \hbox (6.96214pt too wide) in paragraph at lines 4444--4450
[]\OT1/cmr/m/n/10 We now sum-ma-rize some gen-eral spec-tral prop-er-ties of th
e max-i-mal, anti-symmetric|
 []

[41]
Overfull \hbox (21.55145pt too wide) in paragraph at lines 4570--4570
[] |
 []

[42] [43]
Overfull \hbox (6.63495pt too wide) in paragraph at lines 4726--4726
[] |
 []


Overfull \hbox (15.9703pt too wide) in paragraph at lines 4740--4748
\OT1/cmr/m/n/10 and [] with use of Dirac's bra-ket no-ta-tion as fol-lows. Writ
-ing $\OML/cmm/m/it/10 ^^V[]\OT1/cmr/m/n/10 (\OML/cmm/m/it/10 ^^U\OT1/cmr/m/n/1
0 ) = \OMS/cmsy/m/n/10 h\OML/cmm/m/it/10 Q\OT1/cmr/m/n/10 (\OML/cmm/m/it/10 ^^U
\OT1/cmr/m/n/10 )\OML/cmm/m/it/10 g[]; g[]\OMS/cmsy/m/n/10 i[] \OT1/cmr/m/n/10 
=|
 []


Overfull \hbox (15.69795pt too wide) in paragraph at lines 4766--4766
[] |
 []


Overfull \hbox (23.76329pt too wide) in paragraph at lines 4786--4786
[] |
 []

[44] (Murphy_Dynamic_Steady_Periodic_TimeStochastic_10-10-2015.bbl
Missing character: There is no ^^e2 in font cmr8!
Missing character: There is no ^^80 in font cmr8!
Missing character: There is no ^^93 in font cmr8!

Underfull \hbox (badness 1248) in paragraph at lines 57--60
[]\OT1/cmr/m/n/8 H. Bha-tia, G. Nor-gard, V. Pas-cucci, and Peer-Timo Bre-mer. 
 The helmholtz-hodge
 []

[45]
Missing character: There is no ^^e2 in font cmr8!
Missing character: There is no ^^80 in font cmr8!
Missing character: There is no ^^93 in font cmr8!
Missing character: There is no ^^e2 in font cmr8!
Missing character: There is no ^^80 in font cmr8!
Missing character: There is no ^^93 in font cmr8!

Underfull \vbox (badness 10000) has occurred while \output is active []

 [46]
Missing character: There is no ^^e2 in font cmr8!
Missing character: There is no ^^80 in font cmr8!
Missing character: There is no ^^93 in font cmr8!
Missing character: There is no ^^e2 in font cmr8!
Missing character: There is no ^^80 in font cmr8!
Missing character: There is no ^^93 in font cmr8!

Underfull \vbox (badness 10000) has occurred while \output is active []

 [47]
Missing character: There is no ^^e2 in font cmr8!
Missing character: There is no ^^80 in font cmr8!
Missing character: There is no ^^93 in font cmr8!
Missing character: There is no ^^e2 in font cmr8!
Missing character: There is no ^^80 in font cmr8!
Missing character: There is no ^^93 in font cmr8!
Missing character: There is no ^^e2 in font cmr8!
Missing character: There is no ^^80 in font cmr8!
Missing character: There is no ^^93 in font cmr8!
Missing character: There is no ^^e2 in font cmr8!
Missing character: There is no ^^80 in font cmr8!
Missing character: There is no ^^93 in font cmr8!
Missing character: There is no ^^e2 in font cmr8!
Missing character: There is no ^^80 in font cmr8!
Missing character: There is no ^^93 in font cmr8!
)
[48] (Murphy_Dynamic_Steady_Periodic_TimeStochastic_10-10-2015.aux)

LaTeX Warning: There were undefined references.

 ) 
Here is how much of TeX's memory you used:
 3868 strings out of 28583
 49151 string characters out of 471185
 126693 words of memory out of 524286
 6712 multiletter control sequences out of 27000
 15852 words of font info for 60 fonts, out of 800000 for 255
 14 hyphenation exceptions out of 2003
 32i,15n,32p,428b,385s stack positions out of 300i,40n,60p,3000b,4000s

Output written on Murphy_Dynamic_Steady_Periodic_TimeStochastic_10-10-2015.dvi 
(48 pages, 570060 bytes).
