This is TeX, Version 3.1415 (C version 6.1.2.1) (format=latex 6.2.12)  29 JUN 2014 17:42
**&latex2e Murphy_et_al_Spectral_Analysis_Effective_Diffusivity_06-29-2014.tex
(Murphy_et_al_Spectral_Analysis_Effective_Diffusivity_06-29-2014.tex
LaTeX2e(BETA TEST RELEASE)  <2005/12/01>
Babel <v3.7h> and hyphenation patterns for english, loaded.
(siamltex1213.cls
Document Class: siamltex1213 2013/10/21 v1.0 LaTeX document e-class
(/usr/local/lib/tex/latex2e/unpacked/leqno.clo
File: leqno.clo 1998/08/17 v1.1c Standard LaTeX option (left equation numbers)
)
(/usr/local/lib/tex/latex2e/unpacked/leqno.clo
File: leqno.clo 1998/08/17 v1.1c Standard LaTeX option (left equation numbers)
) (siam10.clo
File: siam10.clo 1994/10/01 v1.0 SIAM LaTeX file (size option)
)
\c@section=\count79
\c@subsection=\count80
\c@subsubsection=\count81
\c@paragraph=\count82
\c@subparagraph=\count83
\c@rmnum=\count84
\c@muni=\count85
\c@theorem=\count86
\c@figure=\count87
\c@table=\count88
\abovecaptionskip=\skip41
\belowcaptionskip=\skip42
\bibindent=\dimen102

(/usr/local/lib/tex/latex2e/unpacked/color.sty
Package: color 1999/02/16 v1.0i Standard LaTeX Color (DPC)
Package color Info: Driver file: dvips.def on input line 125.

(/usr/local/lib/tex/latex2e/unpacked/dvips.def
File: dvips.def 1999/02/16 v3.0i Driver-dependant file (DPC,SPQR)
)
(/usr/local/lib/tex/latex2e/unpacked/dvipsnam.def
File: dvipsnam.def 1999/02/16 v3.0i Driver-dependant file (DPC,SPQR)
))
(/usr/local/lib/tex/latex2e/unpacked/graphics.sty
Package: graphics 2001/07/07 v1.0n Standard LaTeX Graphics (DPC,SPQR)

(/usr/local/lib/tex/inputs/trig.sty
Package: trig 1994/10/16 v1.08 sin cos tan (DPC)
)
(/usr/local/lib/tex/latex2e/unpacked/graphics.cfg)
Package graphics Info: Driver file: dvips.def on input line 80.
)
(/usr/local/lib/tex/latex2e/unpacked/graphicx.sty
Package: graphicx 1999/02/16 v1.0f Enhanced LaTeX Graphics (DPC,SPQR)

(/usr/local/lib/tex/latex2e/unpacked/keyval.sty
Package: keyval 1999/03/16 v1.13 key=value parser (DPC)
\KV@toks@=\toks14
)
\Gin@req@height=\dimen103
\Gin@req@width=\dimen104
)
(/usr/local/lib/tex/latex2e/unpacked/hyperref.sty
Package: hyperref 2003/11/30 v6.74m Hypertext links for LaTeX
\@linkdim=\dimen105
\Hy@linkcounter=\count89
\Hy@pagecounter=\count90

(/usr/local/lib/tex/latex2e/unpacked/pd1enc.def
File: pd1enc.def 2003/11/30 v6.74m Hyperref: PDFDocEncoding definition (HO)
)
Package hyperref Info: Option `draft' set `true' on input line 1830.
Package hyperref Info: Option `colorlinks' set `true' on input line 1830.
Package hyperref Info: Hyper figures OFF on input line 1880.
Package hyperref Info: Link nesting OFF on input line 1885.
Package hyperref Info: Hyper index ON on input line 1888.
Package hyperref Info: Plain pages ON on input line 1893.
Package hyperref Info: Backreferencing OFF on input line 1900.

Implicit mode ON; LaTeX internals redefined
Package hyperref Info: Bookmarks ON on input line 2004.
(/usr/local/lib/tex/inputs/url.sty
\Urlmuskip=\muskip10
Package: url 2005/06/27  ver 3.2  Verb mode for urls, etc.
)
LaTeX Info: Redefining \url on input line 2143.
\Fld@menulength=\count91
\Field@Width=\dimen106
\Fld@charsize=\dimen107
\Choice@toks=\toks15
\Field@toks=\toks16
Package hyperref Info: Hyper figures OFF on input line 2618.
Package hyperref Info: Link nesting OFF on input line 2623.
Package hyperref Info: Hyper index ON on input line 2626.
Package hyperref Info: backreferencing OFF on input line 2633.
Package hyperref Info: Link coloring ON on input line 2636.
\c@Item=\count92
\c@Hfootnote=\count93
)
*hyperref using driver hdvips*
(/usr/local/lib/tex/latex2e/unpacked/hdvips.def
File: hdvips.def 2003/11/30 v6.74m Hyperref driver for dvips

(/usr/local/lib/tex/latex2e/unpacked/pdfmark.def
File: pdfmark.def 2003/11/30 v6.74m Hyperref definitions for pdfmark specials
\pdf@docset=\toks17
\pdf@box=\box26
\pdf@toks=\toks18
\pdf@defaulttoks=\toks19
\Fld@listcount=\count94
\@outlinefile=\write3
)))
(Murphy_et_al_Spectral_Analysis_Effective_Diffusivity_06-29-2014.aux)
LaTeX Font Info:    Checking defaults for OML/cmm/m/it on input line 63.
LaTeX Font Info:    ... okay on input line 63.
LaTeX Font Info:    Checking defaults for T1/cmr/m/n on input line 63.
LaTeX Font Info:    ... okay on input line 63.
LaTeX Font Info:    Checking defaults for OT1/cmr/m/n on input line 63.
LaTeX Font Info:    ... okay on input line 63.
LaTeX Font Info:    Checking defaults for OMS/cmsy/m/n on input line 63.
LaTeX Font Info:    ... okay on input line 63.
LaTeX Font Info:    Checking defaults for OMX/cmex/m/n on input line 63.
LaTeX Font Info:    ... okay on input line 63.
LaTeX Font Info:    Checking defaults for U/cmr/m/n on input line 63.
LaTeX Font Info:    ... okay on input line 63.
LaTeX Font Info:    Checking defaults for PD1/pdf/m/n on input line 63.
LaTeX Font Info:    ... okay on input line 63.
Package hyperref Info: Link coloring ON on input line 63.

(/usr/local/lib/tex/latex2e/unpacked/nameref.sty
Package: nameref 2003/12/03 v2.21 Cross-referencing by name of section
\c@section@level=\count95
)
LaTeX Info: Redefining \ref on input line 63.
LaTeX Info: Redefining \pageref on input line 63.

(Murphy_et_al_Spectral_Analysis_Effective_Diffusivity_06-29-2014.out)
(Murphy_et_al_Spectral_Analysis_Effective_Diffusivity_06-29-2014.out)
LaTeX Font Info:    External font `cmex10' loaded for size
(Font)              <8> on input line 65.
LaTeX Font Info:    External font `cmex10' loaded for size
(Font)              <6> on input line 65.
LaTeX Font Info:    External font `cmex10' loaded for size
(Font)              <5> on input line 65.
LaTeX Font Info:    External font `cmex10' loaded for size
(Font)              <7> on input line 100.
LaTeX Font Info:    Try loading font information for OMS+cmr on input line 146.


(/usr/local/lib/tex/latex2e/unpacked/omscmr.fd
File: omscmr.fd 1999/05/25 v2.5h Standard LaTeX font definitions
)
LaTeX Font Info:    Font shape `OMS/cmr/m/n' in size <10> not available
(Font)              Font shape `OMS/cmsy/m/n' tried instead on input line 146.
 [1

] [2] [3]
Underfull \hbox (badness 10000) in paragraph at lines 357--370
\OT1/cmr/m/n/10 later). The pack-age []\OT1/cmtt/m/n/10 amsfonts \OT1/cmr/m/n/1
0 can be in-cluded with the com-mand
 []

[4]
Overfull \hbox (1.14305pt too wide) in paragraph at lines 430--438
\OT1/cmr/m/n/10 propo-si-tions are cov-ered in the SIAM macros by the theorem-e
nvironments []\OT1/cmtt/m/n/10 {theorem}\OT1/cmr/m/n/10 ,
 []


Overfull \hbox (1.36716pt too wide) in paragraph at lines 465--469
[]\OT1/cmr/m/n/10 Proofs are han-dled with the []\OT1/cmtt/m/n/10 \begin{proof}
 []\end{proof} \OT1/cmr/m/n/10 en-vi-ron-ment. A ``QED''
 []

[5] [6] [7] [8]
(Murphy_et_al_Spectral_Analysis_Effective_Diffusivity_06-29-2014.aux) ) 
Here is how much of TeX's memory you used:
 2580 strings out of 28583
 34238 string characters out of 471185
 90130 words of memory out of 524286
 5504 multiletter control sequences out of 27000
 7716 words of font info for 28 fonts, out of 800000 for 255
 14 hyphenation exceptions out of 2003
 32i,10n,29p,280b,437s stack positions out of 300i,40n,60p,3000b,4000s

Output written on Murphy_et_al_Spectral_Analysis_Effective_Diffusivity_06-29-20
14.dvi (8 pages, 39456 bytes).
