This is TeX, Version 3.1415 (C version 6.1.2.1) (format=latex 6.2.12)  11 JAN 2015 02:55
**&latex2e Murphy_SIAM_Effective_Diffusivity_Dynamic_Flows_01-10-2014.tex
(Murphy_SIAM_Effective_Diffusivity_Dynamic_Flows_01-10-2014.tex
LaTeX2e(BETA TEST RELEASE)  <2005/12/01>
Babel <v3.7h> and hyphenation patterns for english, loaded.
(siamltex1213.cls
Document Class: siamltex1213 2013/10/21 v1.0 LaTeX document e-class
(/usr/local/lib/tex/latex2e/unpacked/leqno.clo
File: leqno.clo 1998/08/17 v1.1c Standard LaTeX option (left equation numbers)
)
(/usr/local/lib/tex/latex2e/unpacked/leqno.clo
File: leqno.clo 1998/08/17 v1.1c Standard LaTeX option (left equation numbers)
) (siam10.clo
File: siam10.clo 1994/10/01 v1.0 SIAM LaTeX file (size option)
)
\c@section=\count79
\c@subsection=\count80
\c@subsubsection=\count81
\c@paragraph=\count82
\c@subparagraph=\count83
\c@rmnum=\count84
\c@muni=\count85
\c@theorem=\count86
\c@figure=\count87
\c@table=\count88
\abovecaptionskip=\skip41
\belowcaptionskip=\skip42
\bibindent=\dimen102

(/usr/local/lib/tex/latex2e/unpacked/color.sty
Package: color 1999/02/16 v1.0i Standard LaTeX Color (DPC)
Package color Info: Driver file: dvips.def on input line 125.

(/usr/local/lib/tex/latex2e/unpacked/dvips.def
File: dvips.def 1999/02/16 v3.0i Driver-dependant file (DPC,SPQR)
)
(/usr/local/lib/tex/latex2e/unpacked/dvipsnam.def
File: dvipsnam.def 1999/02/16 v3.0i Driver-dependant file (DPC,SPQR)
))
(/usr/local/lib/tex/latex2e/unpacked/graphics.sty
Package: graphics 2001/07/07 v1.0n Standard LaTeX Graphics (DPC,SPQR)

(/usr/local/lib/tex/inputs/trig.sty
Package: trig 1994/10/16 v1.08 sin cos tan (DPC)
)
(/usr/local/lib/tex/latex2e/unpacked/graphics.cfg)
Package graphics Info: Driver file: dvips.def on input line 80.
)
(/usr/local/lib/tex/latex2e/unpacked/graphicx.sty
Package: graphicx 1999/02/16 v1.0f Enhanced LaTeX Graphics (DPC,SPQR)

(/usr/local/lib/tex/latex2e/unpacked/keyval.sty
Package: keyval 1999/03/16 v1.13 key=value parser (DPC)
\KV@toks@=\toks14
)
\Gin@req@height=\dimen103
\Gin@req@width=\dimen104
)
(/usr/local/lib/tex/latex2e/unpacked/hyperref.sty
Package: hyperref 2003/11/30 v6.74m Hypertext links for LaTeX
\@linkdim=\dimen105
\Hy@linkcounter=\count89
\Hy@pagecounter=\count90

(/usr/local/lib/tex/latex2e/unpacked/pd1enc.def
File: pd1enc.def 2003/11/30 v6.74m Hyperref: PDFDocEncoding definition (HO)
)
Package hyperref Info: Option `colorlinks' set `true' on input line 1830.
Package hyperref Info: Hyper figures OFF on input line 1880.
Package hyperref Info: Link nesting OFF on input line 1885.
Package hyperref Info: Hyper index ON on input line 1888.
Package hyperref Info: Plain pages ON on input line 1893.
Package hyperref Info: Backreferencing OFF on input line 1900.

Implicit mode ON; LaTeX internals redefined
Package hyperref Info: Bookmarks ON on input line 2004.
(/usr/local/lib/tex/inputs/url.sty
\Urlmuskip=\muskip10
Package: url 2005/06/27  ver 3.2  Verb mode for urls, etc.
)
LaTeX Info: Redefining \url on input line 2143.
\Fld@menulength=\count91
\Field@Width=\dimen106
\Fld@charsize=\dimen107
\Choice@toks=\toks15
\Field@toks=\toks16
Package hyperref Info: Hyper figures OFF on input line 2618.
Package hyperref Info: Link nesting OFF on input line 2623.
Package hyperref Info: Hyper index ON on input line 2626.
Package hyperref Info: backreferencing OFF on input line 2633.
Package hyperref Info: Link coloring ON on input line 2636.
\c@Item=\count92
\c@Hfootnote=\count93
)
*hyperref using driver hdvips*
(/usr/local/lib/tex/latex2e/unpacked/hdvips.def
File: hdvips.def 2003/11/30 v6.74m Hyperref driver for dvips

(/usr/local/lib/tex/latex2e/unpacked/pdfmark.def
File: pdfmark.def 2003/11/30 v6.74m Hyperref definitions for pdfmark specials
\pdf@docset=\toks17
\pdf@box=\box26
\pdf@toks=\toks18
\pdf@defaulttoks=\toks19
\Fld@listcount=\count94
\@outlinefile=\write3
)))
(/usr/local/lib/tex/latex2e/unpacked/amssymb.sty
Package: amssymb 2002/01/22 v2.2d

(/usr/local/lib/tex/latex2e/unpacked/amsfonts.sty
Package: amsfonts 2001/10/25 v2.2f
\@emptytoks=\toks20
\symAMSa=\mathgroup4
\symAMSb=\mathgroup5
LaTeX Font Info:    Overwriting math alphabet `\mathfrak' in version `bold'
(Font)                  U/euf/m/n --> U/euf/b/n on input line 132.
))
(/usr/local/lib/tex/latex2e/unpacked/amsmath.sty
Package: amsmath 2000/07/18 v2.13 AMS math features
\@mathmargin=\skip43

For additional information on amsmath, use the `?' option.
(/usr/local/lib/tex/latex2e/unpacked/amstext.sty
Package: amstext 2000/06/29 v2.01

(/usr/local/lib/tex/latex2e/unpacked/amsgen.sty
File: amsgen.sty 1999/11/30 v2.0
\@emptytoks=\toks21
\ex@=\dimen108
))
(/usr/local/lib/tex/latex2e/unpacked/amsbsy.sty
Package: amsbsy 1999/11/29 v1.2d
\pmbraise@=\dimen109
)
(/usr/local/lib/tex/latex2e/unpacked/amsopn.sty
Package: amsopn 1999/12/14 v2.01 operator names
)
\inf@bad=\count95
LaTeX Info: Redefining \frac on input line 211.
\uproot@=\count96
\leftroot@=\count97
LaTeX Info: Redefining \overline on input line 307.
\classnum@=\count98
\DOTSCASE@=\count99
LaTeX Info: Redefining \ldots on input line 379.
LaTeX Info: Redefining \dots on input line 382.
LaTeX Info: Redefining \cdots on input line 467.
\Mathstrutbox@=\box27
\strutbox@=\box28
\big@size=\dimen110
LaTeX Font Info:    Redeclaring font encoding OML on input line 567.
LaTeX Font Info:    Redeclaring font encoding OMS on input line 568.
\macc@depth=\count100
\c@MaxMatrixCols=\count101
\dotsspace@=\muskip11
\c@parentequation=\count102
\dspbrk@lvl=\count103
\tag@help=\toks22
\row@=\count104
\column@=\count105
\maxfields@=\count106
\andhelp@=\toks23
\eqnshift@=\dimen111
\alignsep@=\dimen112
\tagshift@=\dimen113
\tagwidth@=\dimen114
\totwidth@=\dimen115
\lineht@=\dimen116
\@envbody=\toks24
\multlinegap=\skip44
\multlinetaggap=\skip45
\mathdisplay@stack=\toks25
LaTeX Info: Redefining \[ on input line 2666.
LaTeX Info: Redefining \] on input line 2667.
)
(/usr/local/lib/tex/latex2e/unpacked/mathrsfs.sty
Package: mathrsfs 1996/01/01 Math RSFS package v1.0 (jk)
\symrsfs=\mathgroup6
)
(Murphy_SIAM_Effective_Diffusivity_Dynamic_Flows_01-10-2014.aux)
LaTeX Font Info:    Checking defaults for OML/cmm/m/it on input line 190.
LaTeX Font Info:    ... okay on input line 190.
LaTeX Font Info:    Checking defaults for T1/cmr/m/n on input line 190.
LaTeX Font Info:    ... okay on input line 190.
LaTeX Font Info:    Checking defaults for OT1/cmr/m/n on input line 190.
LaTeX Font Info:    ... okay on input line 190.
LaTeX Font Info:    Checking defaults for OMS/cmsy/m/n on input line 190.
LaTeX Font Info:    ... okay on input line 190.
LaTeX Font Info:    Checking defaults for OMX/cmex/m/n on input line 190.
LaTeX Font Info:    ... okay on input line 190.
LaTeX Font Info:    Checking defaults for U/cmr/m/n on input line 190.
LaTeX Font Info:    ... okay on input line 190.
LaTeX Font Info:    Checking defaults for PD1/pdf/m/n on input line 190.
LaTeX Font Info:    ... okay on input line 190.
Package hyperref Info: Link coloring ON on input line 190.

(/usr/local/lib/tex/latex2e/unpacked/nameref.sty
Package: nameref 2003/12/03 v2.21 Cross-referencing by name of section
\c@section@level=\count107
)
LaTeX Info: Redefining \ref on input line 190.
LaTeX Info: Redefining \pageref on input line 190.

(Murphy_SIAM_Effective_Diffusivity_Dynamic_Flows_01-10-2014.out)
(Murphy_SIAM_Effective_Diffusivity_Dynamic_Flows_01-10-2014.out)
LaTeX Font Info:    Try loading font information for U+msa on input line 192.

(/usr/local/lib/tex/latex2e/unpacked/umsa.fd
File: umsa.fd 2002/01/19 v2.2g AMS font definitions
)
LaTeX Font Info:    Try loading font information for U+msb on input line 192.

(/usr/local/lib/tex/latex2e/unpacked/umsb.fd
File: umsb.fd 2002/01/19 v2.2g AMS font definitions
)
LaTeX Font Info:    Try loading font information for U+rsfs on input line 192.

(/usr/local/lib/tex/latex2e/unpacked/ursfs.fd
File: ursfs.fd 1998/03/24 rsfs font definition file (jk)
) [1

] [2] [3]

LaTeX Warning: Reference `a' on page 4 undefined on input line 722.

[4] [5]

LaTeX Warning: Reference `a' on page 6 undefined on input line 932.

[6]

LaTeX Warning: Reference `' on page 7 undefined on input line 1107.

[7]

LaTeX Warning: Reference `eq:Eff_Diffusivity' on page 8 undefined on input line
 1223.

[8]

LaTeX Warning: Reference `eq:Eff_Diffusivity' on page 9 undefined on input line
 1399.


LaTeX Warning: Reference `eq:Eff_Diffusivity' on page 9 undefined on input line
 1401.


LaTeX Warning: Reference `eq:Eff_Diffusivity' on page 9 undefined on input line
 1425.


LaTeX Warning: Reference `eq:Eff_Diffusivity' on page 9 undefined on input line
 1456.

[9]
Overfull \hbox (12.13472pt too wide) in paragraph at lines 1479--1489
\OT1/cmr/m/n/10 The for-mu-las in [] are pre-cisely the elec-tro-static ver-sio
n of Maxwell's equa-tions for a con-duc-tive medium [[]],|
 []


LaTeX Warning: Reference `eq:Eff_Diffusivity' on page 10 undefined on input lin
e 1504.


LaTeX Warning: Reference `eq:Eff_Diffusivity' on page 10 undefined on input lin
e 1523.


LaTeX Warning: Reference `eq:Eff_Diffusivity' on page 10 undefined on input lin
e 1567.

[10]

LaTeX Warning: Reference `eq:Eff_Diffusivity' on page 11 undefined on input lin
e 1657.


LaTeX Warning: Reference `eq:Helmholtz' on page 11 undefined on input line 1751
.

[11]

LaTeX Warning: Reference `eq:Eff_Diffusivity' on page 12 undefined on input lin
e 1779.


LaTeX Warning: Reference `eq:Eff_Diffusivity' on page 12 undefined on input lin
e 1790.


LaTeX Warning: Reference `eq:Eff_Diffusivity' on page 12 undefined on input lin
e 1800.


LaTeX Warning: Reference `eq:Helmholtz' on page 12 undefined on input line 1837
.


LaTeX Warning: Reference `sec:Integral_Rep_Matrix_curl_free' on page 12 undefin
ed on input line 1932.


LaTeX Warning: Reference `sec:Integral_Rep_Matrix_Sobolev' on page 12 undefined
 on input line 1933.

[12] [13] [14]

LaTeX Warning: Reference `eq:Eff_Diffusivity' on page 15 undefined on input lin
e 2182.


LaTeX Warning: Reference `eq:Eff_Diffusivity' on page 15 undefined on input lin
e 2218.


LaTeX Warning: Reference `sec:Assymptotics' on page 15 undefined on input line 
2250.


LaTeX Warning: Reference `eq:Eff_Diffusivity' on page 15 undefined on input lin
e 2262.


LaTeX Warning: Reference `eq:Eff_Diffusivity' on page 15 undefined on input lin
e 2266.


LaTeX Warning: Reference `eq:Helmholtz' on page 15 undefined on input line 2294
.

[15] [16]

LaTeX Warning: Reference `eq:Helmholtz' on page 17 undefined on input line 2561
.


LaTeX Warning: Reference `eq:Eff_Diffusivity' on page 17 undefined on input lin
e 2603.

[17] [18]

LaTeX Warning: Reference `eq:Helmholtz' on page 19 undefined on input line 2846
.

[19] [20] [21] [22] [23]

LaTeX Warning: Reference `eq:Integral_Rep_Discrete' on page 24 undefined on inp
ut line 3514.


LaTeX Warning: Reference `eq:Signed_mu_Dis' on page 24 undefined on input line 
3516.

[24]

LaTeX Warning: Reference `eq:Eff_Diffusivity' on page 25 undefined on input lin
e 3551.

[25]

LaTeX Warning: Reference `eq:Eff_Diffusivity' on page 26 undefined on input lin
e 3744.

[26]

LaTeX Warning: Reference `eq:Eff_Diffusivity' on page 27 undefined on input lin
e 3807.

[27] [28] [29] [30]
(Murphy_SIAM_Effective_Diffusivity_Dynamic_Flows_01-10-2014.bbl
Missing character: There is no ^^e2 in font cmr8!
Missing character: There is no ^^80 in font cmr8!
Missing character: There is no ^^93 in font cmr8!
Missing character: There is no ^^e2 in font cmr8!
Missing character: There is no ^^80 in font cmr8!
Missing character: There is no ^^93 in font cmr8!
 [31]
Missing character: There is no ^^e2 in font cmr8!
Missing character: There is no ^^80 in font cmr8!
Missing character: There is no ^^93 in font cmr8!

Underfull \vbox (badness 10000) has occurred while \output is active []

 [32]
Missing character: There is no ^^e2 in font cmr8!
Missing character: There is no ^^80 in font cmr8!
Missing character: There is no ^^93 in font cmr8!
Missing character: There is no ^^e2 in font cmr8!
Missing character: There is no ^^80 in font cmr8!
Missing character: There is no ^^93 in font cmr8!
Missing character: There is no ^^e2 in font cmr8!
Missing character: There is no ^^80 in font cmr8!
Missing character: There is no ^^93 in font cmr8!
Missing character: There is no ^^e2 in font cmr8!
Missing character: There is no ^^80 in font cmr8!
Missing character: There is no ^^93 in font cmr8!
Missing character: There is no ^^e2 in font cmr8!
Missing character: There is no ^^80 in font cmr8!
Missing character: There is no ^^93 in font cmr8!
Missing character: There is no ^^e2 in font cmr8!
Missing character: There is no ^^80 in font cmr8!
Missing character: There is no ^^93 in font cmr8!
Missing character: There is no ^^e2 in font cmr8!
Missing character: There is no ^^80 in font cmr8!
Missing character: There is no ^^93 in font cmr8!
)
[33] (Murphy_SIAM_Effective_Diffusivity_Dynamic_Flows_01-10-2014.aux)

LaTeX Warning: There were undefined references.

 ) 
Here is how much of TeX's memory you used:
 3855 strings out of 28583
 48876 string characters out of 471185
 130546 words of memory out of 524286
 6699 multiletter control sequences out of 27000
 16201 words of font info for 61 fonts, out of 800000 for 255
 14 hyphenation exceptions out of 2003
 32i,15n,32p,424b,386s stack positions out of 300i,40n,60p,3000b,4000s

Output written on Murphy_SIAM_Effective_Diffusivity_Dynamic_Flows_01-10-2014.dv
i (33 pages, 491204 bytes).
