This is TeX, Version 3.1415 (C version 6.1.2.1) (format=latex 6.2.12)  23 DEC 2011 12:58
**&latex2e Cover_Letter.tex
(Cover_Letter.tex
LaTeX2e(BETA TEST RELEASE)  <2005/12/01>
Babel <v3.7h> and hyphenation patterns for english, loaded.
(/usr/local/lib/tex/latex2e/unpacked/article.cls
Document Class: article 2005/09/16 v1.4f Standard LaTeX document class
(/usr/local/lib/tex/latex2e/unpacked/size12.clo
File: size12.clo 2005/09/16 v1.4f Standard LaTeX file (size option)
)
\c@part=\count79
\c@section=\count80
\c@subsection=\count81
\c@subsubsection=\count82
\c@paragraph=\count83
\c@subparagraph=\count84
\c@figure=\count85
\c@table=\count86
\abovecaptionskip=\skip41
\belowcaptionskip=\skip42
\bibindent=\dimen102
) (Cover_Letter.aux)
LaTeX Font Info:    Checking defaults for OML/cmm/m/it on input line 2.
LaTeX Font Info:    ... okay on input line 2.
LaTeX Font Info:    Checking defaults for T1/cmr/m/n on input line 2.
LaTeX Font Info:    ... okay on input line 2.
LaTeX Font Info:    Checking defaults for OT1/cmr/m/n on input line 2.
LaTeX Font Info:    ... okay on input line 2.
LaTeX Font Info:    Checking defaults for OMS/cmsy/m/n on input line 2.
LaTeX Font Info:    ... okay on input line 2.
LaTeX Font Info:    Checking defaults for OMX/cmex/m/n on input line 2.
LaTeX Font Info:    ... okay on input line 2.
LaTeX Font Info:    Checking defaults for U/cmr/m/n on input line 2.
LaTeX Font Info:    ... okay on input line 2.

Underfull \hbox (badness 10000) in paragraph at lines 8--9

 []


Underfull \hbox (badness 10000) in paragraph at lines 10--15

 []


Underfull \hbox (badness 10000) in paragraph at lines 25--28

 []

[1

] (Cover_Letter.aux) ) 
Here is how much of TeX's memory you used:
 211 strings out of 28583
 2044 string characters out of 471185
 45832 words of memory out of 524286
 3247 multiletter control sequences out of 27000
 4285 words of font info for 16 fonts, out of 800000 for 255
 14 hyphenation exceptions out of 2003
 22i,4n,19p,148b,164s stack positions out of 300i,40n,60p,3000b,4000s

Output written on Cover_Letter.dvi (1 page, 836 bytes).
