This is TeX, Version 3.1415 (C version 6.1.2.1) (format=latex 6.2.12)  6 MAR 2012 17:04
**&latex2e KEN_Murphy_Golden_JMP_Critical_Theory_12_1_2011.tex
(KEN_Murphy_Golden_JMP_Critical_Theory_12_1_2011.tex
LaTeX2e(BETA TEST RELEASE)  <2005/12/01>
Babel <v3.7h> and hyphenation patterns for english, loaded.
(/usr/local/lib/tex/latex2e/unpacked/article.cls
Document Class: article 2005/09/16 v1.4f Standard LaTeX document class
(/usr/local/lib/tex/latex2e/unpacked/size11.clo
File: size11.clo 2005/09/16 v1.4f Standard LaTeX file (size option)
)
\c@part=\count79
\c@section=\count80
\c@subsection=\count81
\c@subsubsection=\count82
\c@paragraph=\count83
\c@subparagraph=\count84
\c@figure=\count85
\c@table=\count86
\abovecaptionskip=\skip41
\belowcaptionskip=\skip42
\bibindent=\dimen102
)
(/usr/local/lib/tex/latex2e/unpacked/latexsym.sty
Package: latexsym 1998/08/17 v2.2e Standard LaTeX package (lasy symbols)
\symlasy=\mathgroup4
LaTeX Font Info:    Overwriting symbol font `lasy' in version `bold'
(Font)                  U/lasy/m/n --> U/lasy/b/n on input line 47.
)
(/usr/local/lib/tex/latex2e/unpacked/mathrsfs.sty
Package: mathrsfs 1996/01/01 Math RSFS package v1.0 (jk)
\symrsfs=\mathgroup5
)
(/usr/local/lib/tex/latex2e/unpacked/graphicx.sty
Package: graphicx 1999/02/16 v1.0f Enhanced LaTeX Graphics (DPC,SPQR)

(/usr/local/lib/tex/latex2e/unpacked/keyval.sty
Package: keyval 1999/03/16 v1.13 key=value parser (DPC)
\KV@toks@=\toks14
)
(/usr/local/lib/tex/latex2e/unpacked/graphics.sty
Package: graphics 2001/07/07 v1.0n Standard LaTeX Graphics (DPC,SPQR)

(/usr/local/lib/tex/inputs/trig.sty
Package: trig 1994/10/16 v1.08 sin cos tan (DPC)
)
(/usr/local/lib/tex/latex2e/unpacked/graphics.cfg)
Package graphics Info: Driver file: dvips.def on input line 80.

(/usr/local/lib/tex/latex2e/unpacked/dvips.def
File: dvips.def 1999/02/16 v3.0i Driver-dependant file (DPC,SPQR)
))
\Gin@req@height=\dimen103
\Gin@req@width=\dimen104
)
(/usr/local/lib/tex/latex2e/unpacked/amssymb.sty
Package: amssymb 2002/01/22 v2.2d

(/usr/local/lib/tex/latex2e/unpacked/amsfonts.sty
Package: amsfonts 2001/10/25 v2.2f
\@emptytoks=\toks15
\symAMSa=\mathgroup6
\symAMSb=\mathgroup7
LaTeX Font Info:    Overwriting math alphabet `\mathfrak' in version `bold'
(Font)                  U/euf/m/n --> U/euf/b/n on input line 132.
))
(/usr/local/lib/tex/latex2e/unpacked/amsmath.sty
Package: amsmath 2000/07/18 v2.13 AMS math features
\@mathmargin=\skip43

For additional information on amsmath, use the `?' option.
(/usr/local/lib/tex/latex2e/unpacked/amstext.sty
Package: amstext 2000/06/29 v2.01

(/usr/local/lib/tex/latex2e/unpacked/amsgen.sty
File: amsgen.sty 1999/11/30 v2.0
\@emptytoks=\toks16
\ex@=\dimen105
))
(/usr/local/lib/tex/latex2e/unpacked/amsbsy.sty
Package: amsbsy 1999/11/29 v1.2d
\pmbraise@=\dimen106
)
(/usr/local/lib/tex/latex2e/unpacked/amsopn.sty
Package: amsopn 1999/12/14 v2.01 operator names
)
\inf@bad=\count87
LaTeX Info: Redefining \frac on input line 211.
\uproot@=\count88
\leftroot@=\count89
LaTeX Info: Redefining \overline on input line 307.
\classnum@=\count90
\DOTSCASE@=\count91
LaTeX Info: Redefining \ldots on input line 379.
LaTeX Info: Redefining \dots on input line 382.
LaTeX Info: Redefining \cdots on input line 467.
\Mathstrutbox@=\box26
\strutbox@=\box27
\big@size=\dimen107
LaTeX Font Info:    Redeclaring font encoding OML on input line 567.
LaTeX Font Info:    Redeclaring font encoding OMS on input line 568.
\macc@depth=\count92
\c@MaxMatrixCols=\count93
\dotsspace@=\muskip10
\c@parentequation=\count94
\dspbrk@lvl=\count95
\tag@help=\toks17
\row@=\count96
\column@=\count97
\maxfields@=\count98
\andhelp@=\toks18
\eqnshift@=\dimen108
\alignsep@=\dimen109
\tagshift@=\dimen110
\tagwidth@=\dimen111
\totwidth@=\dimen112
\lineht@=\dimen113
\@envbody=\toks19
\multlinegap=\skip44
\multlinetaggap=\skip45
\mathdisplay@stack=\toks20
LaTeX Info: Redefining \[ on input line 2666.
LaTeX Info: Redefining \] on input line 2667.
)
\c@lemma=\count99
\c@theorem=\count100
\c@definition=\count101
\c@remark=\count102
\c@corollary=\count103

(KEN_Murphy_Golden_JMP_Critical_Theory_12_1_2011.aux)
LaTeX Font Info:    Checking defaults for OML/cmm/m/it on input line 48.
LaTeX Font Info:    ... okay on input line 48.
LaTeX Font Info:    Checking defaults for T1/cmr/m/n on input line 48.
LaTeX Font Info:    ... okay on input line 48.
LaTeX Font Info:    Checking defaults for OT1/cmr/m/n on input line 48.
LaTeX Font Info:    ... okay on input line 48.
LaTeX Font Info:    Checking defaults for OMS/cmsy/m/n on input line 48.
LaTeX Font Info:    ... okay on input line 48.
LaTeX Font Info:    Checking defaults for OMX/cmex/m/n on input line 48.
LaTeX Font Info:    ... okay on input line 48.
LaTeX Font Info:    Checking defaults for U/cmr/m/n on input line 48.
LaTeX Font Info:    ... okay on input line 48.
LaTeX Font Info:    Try loading font information for U+lasy on input line 93.

(/usr/local/lib/tex/latex2e/unpacked/ulasy.fd
File: ulasy.fd 1998/08/17 v2.2e LaTeX symbol font definitions
)
LaTeX Font Info:    Try loading font information for U+rsfs on input line 93.

(/usr/local/lib/tex/latex2e/unpacked/ursfs.fd
File: ursfs.fd 1998/03/24 rsfs font definition file (jk)
)
LaTeX Font Info:    Try loading font information for U+msa on input line 93.

(/usr/local/lib/tex/latex2e/unpacked/umsa.fd
File: umsa.fd 2002/01/19 v2.2g AMS font definitions
)
LaTeX Font Info:    Try loading font information for U+msb on input line 93.

(/usr/local/lib/tex/latex2e/unpacked/umsb.fd
File: umsb.fd 2002/01/19 v2.2g AMS font definitions
)

LaTeX Warning: Citation `Efros-84' on page 1 undefined on input line 134.


LaTeX Warning: Citation `Kusy:N-58' on page 1 undefined on input line 134.


LaTeX Warning: Citation `Sasaki:JTB:25' on page 1 undefined on input line 136.


LaTeX Warning: Citation `Golden:JoB:337' on page 1 undefined on input line 136.



LaTeX Warning: Citation `Bourbie:JGR-11524' on page 1 undefined on input line 1
37.


LaTeX Warning: Citation `Broadbent:PCPS-629' on page 1 undefined on input line 
137.


LaTeX Warning: Citation `Enting:1985:LSM' on page 1 undefined on input line 138
.


LaTeX Warning: Citation `Chen:PRL:2007' on page 1 undefined on input line 139.


LaTeX Warning: Citation `Kyrylyuk:PNAS:2008' on page 1 undefined on input line 
140.


LaTeX Warning: Citation `Golden:S-2238' on page 1 undefined on input line 140.


LaTeX Warning: Citation `Baker-1990' on page 1 undefined on input line 149.


LaTeX Warning: Citation `Golden:JMP-5627' on page 1 undefined on input line 155
.


LaTeX Warning: Citation `Golden:CMP-473' on page 1 undefined on input line 155.



LaTeX Warning: Citation `MILTON:2002:TC' on page 1 undefined on input line 158.


[1

]

LaTeX Warning: Citation `Lee:PR:411' on page 2 undefined on input line 165.


LaTeX Warning: Citation `Baker-1990' on page 2 undefined on input line 165.


LaTeX Warning: Citation `Ruelle-1969' on page 2 undefined on input line 165.


LaTeX Warning: Citation `Ruelle:AM:589' on page 2 undefined on input line 165.


LaTeX Warning: Citation `Lee:PR:411' on page 2 undefined on input line 166.


LaTeX Warning: Citation `Lee:PR:411' on page 2 undefined on input line 168.


LaTeX Warning: Citation `Ruelle-1969' on page 2 undefined on input line 168.


LaTeX Warning: Citation `Yang:PR:404' on page 2 undefined on input line 172.


LaTeX Warning: Citation `Baker:PRL-990' on page 2 undefined on input line 176.


LaTeX Warning: Citation `Saff_Totik:97' on page 2 undefined on input line 178.


LaTeX Warning: Citation `Robertson-1993' on page 2 undefined on input line 182.



LaTeX Warning: Citation `Griffiths-1999' on page 2 undefined on input line 193.



LaTeX Warning: Citation `Baker:PRL-990' on page 2 undefined on input line 194.


LaTeX Warning: Citation `Baker-1990' on page 2 undefined on input line 194.


LaTeX Warning: Citation `Golden:JMP-5627' on page 2 undefined on input line 204
.


LaTeX Warning: Citation `Ruelle:PRL:303' on page 2 undefined on input line 206.



LaTeX Warning: Citation `Ruelle-1969' on page 2 undefined on input line 213.


LaTeX Warning: Citation `Baker:PRB:1184' on page 2 undefined on input line 215.



LaTeX Warning: Citation `Baker-1990' on page 2 undefined on input line 215.


LaTeX Warning: Citation `Christensen-2005' on page 2 undefined on input line 21
9.


LaTeX Warning: Citation `Baker-1990' on page 2 undefined on input line 231.

[2]

LaTeX Warning: Citation `Christensen-2005' on page 3 undefined on input line 23
9.


LaTeX Warning: Citation `Baker-1990' on page 3 undefined on input line 239.


LaTeX Warning: Citation `Baker-1990' on page 3 undefined on input line 242.


LaTeX Warning: Citation `Baker-1990' on page 3 undefined on input line 250.


LaTeX Warning: Citation `Golden:PRL-3935' on page 3 undefined on input line 257
.


LaTeX Warning: Citation `Bergman:PRC-377' on page 3 undefined on input line 270
.


LaTeX Warning: Citation `Milton:APL-300' on page 3 undefined on input line 270.



LaTeX Warning: Citation `Golden:CMP-473' on page 3 undefined on input line 270.



LaTeX Warning: Citation `Golden:PRL-3935' on page 3 undefined on input line 275
.


LaTeX Warning: Citation `Christensen-2005' on page 3 undefined on input line 27
8.

[3]
LaTeX Font Info:    Font shape `U/lasy/b/n' in size <8> not available
(Font)              Font shape `U/lasy/m/n' tried instead on input line 314.
LaTeX Font Info:    Font shape `U/lasy/b/n' in size <6> not available
(Font)              Font shape `U/lasy/m/n' tried instead on input line 314.


LaTeX Warning: Citation `Golden:CMP-473' on page 4 undefined on input line 319.



LaTeX Warning: Citation `Golden:CMP-473' on page 4 undefined on input line 323.


[4]

LaTeX Warning: Citation `Golden:CMP-473' on page 5 undefined on input line 335.



Overfull \hbox (11.62363pt too wide) in paragraph at lines 349--349
[] 
 []


LaTeX Warning: Citation `Golden:CMP-473' on page 5 undefined on input line 351.



LaTeX Warning: Citation `Golden:CMP-473' on page 5 undefined on input line 356.



LaTeX Warning: Citation `Golden:CMP-473' on page 5 undefined on input line 384.



LaTeX Warning: Citation `Golden:CMP-473' on page 5 undefined on input line 419.



LaTeX Warning: Citation `Golden:CMP-473' on page 5 undefined on input line 421.



Overfull \hbox (5.01633pt too wide) in paragraph at lines 410--425
[]\OT1/cmr/m/n/10.95 Due to the ho-mo-gene-ity of these func-tions, e.g. $\OML/
cmm/m/it/10.95 ^^[[]\OT1/cmr/m/n/10.95 (\OML/cmm/m/it/10.95 a^^[[]; a^^[[]\OT1/
cmr/m/n/10.95 ) = \OML/cmm/m/it/10.95 a^^[[]\OT1/cmr/m/n/10.95 (\OML/cmm/m/it/1
0.95 ^^[[]; ^^[[]\OT1/cmr/m/n/10.95 )$
 []

[5]
Overfull \hbox (48.75229pt too wide) in paragraph at lines 443--443
[] 
 []


LaTeX Warning: Citation `Golden:CMP-473' on page 6 undefined on input line 450.



LaTeX Warning: Citation `Jackson-1999' on page 6 undefined on input line 457.


LaTeX Warning: Citation `Folland:95' on page 6 undefined on input line 457.


LaTeX Warning: Citation `Jackson-1999' on page 6 undefined on input line 459.


LaTeX Warning: Citation `Jackson-1999' on page 6 undefined on input line 463.


LaTeX Warning: Citation `Bergman:PRC-377' on page 6 undefined on input line 476
.


LaTeX Warning: Citation `Golden:CMP-473' on page 6 undefined on input line 476.


[6]

LaTeX Warning: Citation `Reed-1980' on page 7 undefined on input line 503.


LaTeX Warning: Citation `Golden:CMP-473' on page 7 undefined on input line 504.



LaTeX Warning: Citation `Bergman:PRC-377' on page 7 undefined on input line 504
.


Overfull \hbox (83.20222pt too wide) in paragraph at lines 541--541
[] 
 []


LaTeX Warning: Citation `Golden:CMP-473' on page 7 undefined on input line 553.



LaTeX Warning: Citation `Bergman:AP-78' on page 7 undefined on input line 553.


LaTeX Warning: Citation `Rudin:87' on page 7 undefined on input line 569.


LaTeX Warning: Citation `Folland:95' on page 7 undefined on input line 569.


LaTeX Warning: Citation `Golden:CMP-473' on page 7 undefined on input line 570.



LaTeX Warning: Citation `Golden:CMP-473' on page 7 undefined on input line 572.



LaTeX Warning: Citation `Golden:CMP-473' on page 7 undefined on input line 577.



LaTeX Warning: Citation `Reed-1980' on page 7 undefined on input line 577.


Overfull \hbox (21.03166pt too wide) in paragraph at lines 550--578
\OT1/cmr/m/n/10.95 pend only on the ge-om-e-try of the medium, and are sup-port
ed on $^^F[]\OML/cmm/m/it/10.95 ; \OT1/cmr/m/n/10.95 ^^F[]\OML/cmm/m/it/10.95 ;
 \OT1/cmr/m/n/10.95 ^^F[]\OML/cmm/m/it/10.95 ; \OT1/cmr/m/n/10.95 ^^F[] \OMS/cm
sy/m/n/10.95 ^^R
 []


LaTeX Warning: Citation `Golden:CMP-473' on page 7 undefined on input line 586.



LaTeX Warning: Citation `Bergman:PRL-1285' on page 7 undefined on input line 59
0.


LaTeX Warning: Citation `Milton:APL-300' on page 7 undefined on input line 590.



LaTeX Warning: Citation `Golden:CMP-473' on page 7 undefined on input line 590.



LaTeX Warning: Citation `Bergman:AP-78' on page 7 undefined on input line 590.


LaTeX Warning: Citation `Golden:JoB:337' on page 7 undefined on input line 594.


[7]

LaTeX Warning: Citation `Reed-1980' on page 8 undefined on input line 612.


Overfull \hbox (35.48804pt too wide) in paragraph at lines 620--620
[] 
 []


LaTeX Warning: Citation `Baker-1990' on page 8 undefined on input line 629.


Overfull \hbox (31.64839pt too wide) in paragraph at lines 645--645
[] 
 []


Overfull \hbox (53.03508pt too wide) in paragraph at lines 674--674
[] 
 []

[8]

LaTeX Warning: Citation `Golden:CMP-473' on page 9 undefined on input line 679.



Overfull \hbox (21.65475pt too wide) in paragraph at lines 689--689
[] 
 []


LaTeX Warning: Citation `Golden:JMP-5627' on page 9 undefined on input line 692
.


Package amsmath Warning: Foreign command \atopwithdelims;
(amsmath)                \frac or \genfrac should be used instead
(amsmath)                 on input line 714.

[9]
Overfull \hbox (24.40741pt too wide) in paragraph at lines 748--748
[] 
 []


LaTeX Warning: Citation `Golden:CMP-473' on page 10 undefined on input line 793
.


LaTeX Warning: Citation `Rudin:87' on page 10 undefined on input line 794.


Overfull \hbox (42.04648pt too wide) in paragraph at lines 814--814
[] 
 []


Overfull \hbox (9.21223pt too wide) in paragraph at lines 824--824
[] 
 []

[10]

LaTeX Warning: Citation `Folland:95' on page 11 undefined on input line 842.


Overfull \hbox (44.57896pt too wide) in paragraph at lines 886--886
[] 
 []


Overfull \hbox (66.54147pt too wide) in paragraph at lines 916--916
[] 
 []

[11]
Overfull \hbox (27.21481pt too wide) in paragraph at lines 933--933
[] 
 []


Overfull \hbox (41.49942pt too wide) in paragraph at lines 954--954
[] 
 []


Overfull \hbox (26.81425pt too wide) in paragraph at lines 965--965
[] 
 []


LaTeX Warning: Citation `Golden:PRL-3935' on page 12 undefined on input line 97
3.


LaTeX Warning: Citation `' on page 12 undefined on input line 976.


LaTeX Warning: Citation `Henrici:1974:v3' on page 12 undefined on input line 97
6.

[12]

LaTeX Warning: Citation `Day:JPCM-96' on page 13 undefined on input line 1002.


LaTeX Warning: Citation `Henrici:1974:v3' on page 13 undefined on input line 10
02.


LaTeX Warning: Citation `MILTON:2002:TC' on page 13 undefined on input line 100
2.


Overfull \hbox (44.66809pt too wide) in paragraph at lines 1046--1046
[] 
 []


LaTeX Warning: Citation `Rudin:87' on page 13 undefined on input line 1067.


LaTeX Warning: Citation `Folland:95' on page 13 undefined on input line 1067.

[13]

LaTeX Warning: Citation `Rudin:87' on page 14 undefined on input line 1101.


Overfull \hbox (54.18478pt too wide) in paragraph at lines 1113--1113
[] 
 []


Overfull \hbox (9.80588pt too wide) in paragraph at lines 1122--1122
[] 
 []


LaTeX Warning: Citation `Golden:CMP-473' on page 14 undefined on input line 117
9.


LaTeX Warning: Citation `Reed-1980' on page 14 undefined on input line 1180.


LaTeX Warning: Citation `Reed-1980' on page 14 undefined on input line 1183.

[14]
Overfull \hbox (3.62892pt too wide) in paragraph at lines 1235--1235
[] 
 []


Overfull \hbox (30.30724pt too wide) in paragraph at lines 1257--1257
[] 
 []


LaTeX Warning: Citation `Day:JPCM-96' on page 15 undefined on input line 1267.

[15]

LaTeX Warning: Citation `Stauffer-92' on page 16 undefined on input line 1305.


LaTeX Warning: Citation `Torquato:RHM-02' on page 16 undefined on input line 13
05.


LaTeX Warning: Citation `Bergman:SSP-147' on page 16 undefined on input line 13
18.


Overfull \hbox (71.33353pt too wide) in paragraph at lines 1328--1328
[] 
 []

[16]

LaTeX Warning: Citation `Bergman:SSP-147' on page 17 undefined on input line 13
51.


Overfull \hbox (77.72919pt too wide) in paragraph at lines 1361--1361
[] 
 []


Overfull \hbox (28.87236pt too wide) in paragraph at lines 1384--1395
\OT1/cmr/m/n/10.95 tive com-plex con-duc-tiv-ity $\OML/cmm/m/it/10.95 ^^[[]\OT1
/cmr/m/n/10.95 (\OML/cmm/m/it/10.95 p; h\OT1/cmr/m/n/10.95 ) = \OML/cmm/m/it/10
.95 ^^[[] m\OT1/cmr/m/n/10.95 (\OML/cmm/m/it/10.95 p; h\OT1/cmr/m/n/10.95 )$ an
d the conductor--superconductor
 []


Overfull \hbox (24.2136pt too wide) in paragraph at lines 1384--1395
\OT1/cmr/m/n/10.95 crit-i-cal tran-si-tion of the ef-fec-tive com-plex con-duc-
tiv-ity $\OML/cmm/m/it/10.95 ^^[[]\OT1/cmr/m/n/10.95 (\OML/cmm/m/it/10.95 p; z\
OT1/cmr/m/n/10.95 (\OML/cmm/m/it/10.95 h\OT1/cmr/m/n/10.95 )) = \OML/cmm/m/it/1
0.95 ^^[[]w\OT1/cmr/m/n/10.95 (\OML/cmm/m/it/10.95 p; z\OT1/cmr/m/n/10.95 (\OML
/cmm/m/it/10.95 h\OT1/cmr/m/n/10.95 ))$.
 []


LaTeX Warning: Citation `Golden:PRL-3935' on page 17 undefined on input line 14
01.


LaTeX Warning: Citation `Golden:PRL-3935' on page 17 undefined on input line 14
09.


Overfull \hbox (23.11913pt too wide) in paragraph at lines 1444--1444
[] 
 []

[17]
Overfull \hbox (16.98157pt too wide) in paragraph at lines 1455--1495
[]\OT1/cmr/m/n/10.95 Similarly, in the static limit, as $\OML/cmm/m/it/10.95 h 
\OMS/cmsy/m/n/10.95 ! \OT1/cmr/m/n/10.95 0$ the ef-fec-tive con-duc-tiv-ity $\O
ML/cmm/m/it/10.95 ^^[[]\OT1/cmr/m/n/10.95 (\OML/cmm/m/it/10.95 p; z\OT1/cmr/m/n
/10.95 (\OML/cmm/m/it/10.95 h\OT1/cmr/m/n/10.95 )) =
 []


Overfull \hbox (73.49854pt too wide) in paragraph at lines 1503--1503
[] 
 []


Overfull \hbox (73.20918pt too wide) in paragraph at lines 1569--1569
[] 
 []

[18]

LaTeX Warning: Citation `MILTON:2002:TC' on page 19 undefined on input line 157
9.


LaTeX Warning: Citation `Day:JPCM-96' on page 19 undefined on input line 1594.


LaTeX Warning: Citation `Day:JPCM-96' on page 19 undefined on input line 1595.


Overfull \hbox (42.28659pt too wide) in paragraph at lines 1622--1622
[] 
 []

[19]
Overfull \hbox (2.67723pt too wide) in paragraph at lines 1658--1658
[] 
 []


LaTeX Warning: Citation `Day:JPCM-96' on page 20 undefined on input line 1699.

[20]

LaTeX Warning: Citation `Baker-1990' on page 21 undefined on input line 1752.


LaTeX Warning: Citation `Baker-1990' on page 21 undefined on input line 1785.

[21]
Overfull \hbox (7.35124pt too wide) in paragraph at lines 1845--1855
[]\OT1/cmr/m/n/10.95 --[], [], Baker's in-equal-i-ties [], and equa-tion [] ($\
OML/cmm/m/it/10.95 g\OT1/cmr/m/n/10.95 (\OML/cmm/m/it/10.95 p; h\OT1/cmr/m/n/10
.95 ) = \OML/cmm/m/it/10.95 sF\OT1/cmr/m/n/10.95 (\OML/cmm/m/it/10.95 p; s\OT1/
cmr/m/n/10.95 )$
 []


Overfull \hbox (85.83186pt too wide) in paragraph at lines 1861--1861
[] 
 []


Overfull \hbox (36.71913pt too wide) in paragraph at lines 1879--1879
[] 
 []

[22]
Overfull \hbox (41.42967pt too wide) in paragraph at lines 1920--1920
[] 
 []


Overfull \hbox (2.82751pt too wide) in paragraph at lines 1961--1976
\OT1/cmr/m/n/10.95 There-fore equa-tion [] im-plies that $[][] \OML/cmm/m/it/10
.95 w\OT1/cmr/m/n/10.95 (\OML/cmm/m/it/10.95 p; z\OT1/cmr/m/n/10.95 (\OML/cmm/m
/it/10.95 h\OT1/cmr/m/n/10.95 )) = [][] \OML/cmm/m/it/10.95 m\OT1/cmr/m/n/10.95
 (\OML/cmm/m/it/10.95 p; h\OT1/cmr/m/n/10.95 )\OML/cmm/m/it/10.95 =h \OT1/cmr/m
/n/10.95 =
 []

[23]
Overfull \hbox (83.04115pt too wide) in paragraph at lines 1995--1995
[] 
 []


LaTeX Warning: Citation `Baker-1990' on page 24 undefined on input line 2008.

[24]
Overfull \hbox (20.06071pt too wide) in paragraph at lines 2092--2092
[] 
 []

[25]
Overfull \hbox (43.20824pt too wide) in paragraph at lines 2168--2168
[] 
 []


Overfull \hbox (23.09473pt too wide) in paragraph at lines 2187--2187
[] 
 []


Overfull \hbox (55.91014pt too wide) in paragraph at lines 2219--2219
[] 
 []


Overfull \hbox (28.13638pt too wide) in paragraph at lines 2246--2246
[] 
 []

[26]
Overfull \hbox (77.18236pt too wide) in paragraph at lines 2288--2288
[] 
 []


LaTeX Warning: Citation `Stauffer-92' on page 27 undefined on input line 2292.


Overfull \hbox (44.1538pt too wide) in paragraph at lines 2303--2303
[] 
 []


LaTeX Warning: Citation `Stauffer-92' on page 27 undefined on input line 2308.


Overfull \hbox (34.52307pt too wide) in paragraph at lines 2320--2320
[] 
 []


Overfull \hbox (21.60373pt too wide) in paragraph at lines 2335--2335
[] 
 []

[27]
Overfull \hbox (89.65088pt too wide) in paragraph at lines 2356--2356
[] 
 []


LaTeX Warning: Citation `Golden:CMP-473' on page 28 undefined on input line 236
3.


Overfull \hbox (47.29922pt too wide) in paragraph at lines 2383--2383
[] 
 []


Overfull \hbox (30.62033pt too wide) in paragraph at lines 2401--2401
[] 
 []


Overfull \hbox (0.31592pt too wide) in paragraph at lines 2414--2414
[] 
 []

[28]
Overfull \hbox (31.30167pt too wide) in paragraph at lines 2444--2444
[] 
 []


Overfull \hbox (16.24376pt too wide) in paragraph at lines 2460--2460
[] 
 []


Overfull \hbox (30.72546pt too wide) in paragraph at lines 2510--2510
[] 
 []


Overfull \hbox (9.14996pt too wide) in paragraph at lines 2510--2520
\OT1/cmr/m/n/10.95 By equa-tion [] we have $[][][[][]([]) + \OMS/cmsy/m/n/10.95
 j[]j[][]\OT1/cmr/m/n/10.95 ([])] \OMS/cmsy/m/n/10.95 ^^X [][]\OT1/cmr/m/n/10.9
5 [[][]([])] \OMS/cmsy/m/n/10.95 ^^X
 []

[29]

LaTeX Warning: Citation `Golden:CMP-473' on page 30 undefined on input line 255
9.


Overfull \hbox (39.52774pt too wide) in paragraph at lines 2585--2585
[] 
 []

[30]
Overfull \hbox (53.63853pt too wide) in paragraph at lines 2632--2632
[] 
 []


Overfull \hbox (42.0649pt too wide) in paragraph at lines 2653--2653
[] 
 []

[31]
Overfull \hbox (5.34311pt too wide) in paragraph at lines 2682--2682
[]\OT1/cmr/bx/n/12 Spectral Char-ac-ter-i-za-tion of Crit-i-cal Tran-si-tions i
n Trans-
 []

File: 2-3-d_Random_Resistor_Networks.eps Graphic file (type eps)
<2-3-d_Random_Resistor_Networks.eps>

LaTeX Warning: Citation `Reed-1980' on page 32 undefined on input line 2698.


LaTeX Warning: Citation `Golden:CMP-467' on page 32 undefined on input line 270
1.


LaTeX Warning: Citation `Golden:PRL-3935' on page 32 undefined on input line 27
09.


LaTeX Warning: Citation `Bruno:PRSLA-353' on page 32 undefined on input line 27
10.


LaTeX Warning: Citation `Golden:JoB:337' on page 32 undefined on input line 271
7.


LaTeX Warning: Citation `Golden:JMP-5627' on page 32 undefined on input line 27
33.


LaTeX Warning: Citation `Golden:JoB:337' on page 32 undefined on input line 273
5.


LaTeX Warning: Citation `Golden:JMP-5627' on page 32 undefined on input line 27
35.

[32] [33]
Overfull \hbox (44.49806pt too wide) in paragraph at lines 2776--2776
[] 
 []


LaTeX Warning: Citation `Golden:JoB:337' on page 34 undefined on input line 279
8.


LaTeX Warning: Citation `Golden:JoB:337' on page 34 undefined on input line 281
2.

[34]

LaTeX Warning: Citation `Golden:CMP-473' on page 35 undefined on input line 288
0.


LaTeX Warning: Citation `Golden:PRL-3935' on page 35 undefined on input line 28
84.


LaTeX Warning: Citation `Efros:PSSB-303' on page 35 undefined on input line 288
6.


LaTeX Warning: Citation `Clerc:AP-191' on page 35 undefined on input line 2886.



LaTeX Warning: Citation `Bergman:SSP-147' on page 35 undefined on input line 28
86.


LaTeX Warning: Citation `Golden:PRL-3935' on page 35 undefined on input line 28
88.


LaTeX Warning: Citation `Bergman:SSP-147' on page 35 undefined on input line 28
94.


LaTeX Warning: Citation `Clerc:AP-191' on page 35 undefined on input line 2894.



LaTeX Warning: Citation `Efros:PSSB-303' on page 35 undefined on input line 289
4.


LaTeX Warning: Citation `Efros:PSSB-303' on page 35 undefined on input line 289
9.


LaTeX Warning: Citation `Clerc:AP-191' on page 35 undefined on input line 2899.



LaTeX Warning: Citation `Bergman:SSP-147' on page 35 undefined on input line 28
99.


LaTeX Warning: Citation `Golden:PRL-3935' on page 35 undefined on input line 29
02.

[35] (KEN_Murphy_Golden_JMP_Critical_Theory_12_1_2011.bbl [36] [37] [38])
[39] (KEN_Murphy_Golden_JMP_Critical_Theory_12_1_2011.aux)

LaTeX Warning: There were undefined references.


LaTeX Warning: Label(s) may have changed. Rerun to get cross-references right.

 ) 
Here is how much of TeX's memory you used:
 1729 strings out of 28583
 20005 string characters out of 471185
 74214 words of memory out of 524286
 4626 multiletter control sequences out of 27000
 16726 words of font info for 65 fonts, out of 800000 for 255
 14 hyphenation exceptions out of 2003
 27i,16n,24p,497b,302s stack positions out of 300i,40n,60p,3000b,4000s

Output written on KEN_Murphy_Golden_JMP_Critical_Theory_12_1_2011.dvi (39 pages
, 177284 bytes).
