This is TeX, Version 3.1415 (C version 6.1.2.1) (format=latex 6.2.12)  7 AUG 2011 13:24
**&latex2e Murphy_Golden_JMP_Critical_Theory_8-6-11.tex
(Murphy_Golden_JMP_Critical_Theory_8-6-11.tex
LaTeX2e(BETA TEST RELEASE)  <2005/12/01>
Babel <v3.7h> and hyphenation patterns for english, loaded.
(/usr/local/lib/tex/latex2e/unpacked/revtex4-1.cls
Document Class: revtex4-1 2010/07/25/20:33:00 4.1r (http://publish.aps.org/revt
ex4/ for documentation)
 Copyright (c) 2009 The American Physical Society.
 mailto:revtex@aps.org
 Licensed under the LPPL:
http://www.ctan.org/tex-archive/macros/latex/base/lppl.txt
 Arthur Ogawa <arthur_ogawa at sbcglobal dot net>
 Based on work by David Carlisle <david at dcarlisle.demon.co.uk>.
ltxutil[2010/07/25/20:33:00 4.1r utilities package (portions licensed from W. E
. Baxter web at superscript.com)]
LaTeX Info: Redefining \@centercr on input line 308.
Class revtex4-1 Info: Repairing broken LaTeX eqnarray on input line 358.
\eqncolsep=\skip41
Class revtex4-1 Info: Repairing hyperref-unfriendly LaTeX definition of \mpfoot
note on input line 433.
Class revtex4-1 Info: Repairing broken LateX \@sect on input line 755.
\intertabularlinepenalty=\count79
\@tbpen=\count80
\@arstrutbox@hline=\box26
Class revtex4-1 Info: Repairing broken LaTeX \@xbitor on input line 1786.
Class revtex4-1 Info: Making \typeout \long on input line 2046.
ltxfront[2010/07/25/20:33:00 4.1r frontmatter package (AO,DPC)]
\c@affil=\count81
\c@collab=\count82
\absbox=\box27
ltxgrid[2010/07/25/20:33:00 4.1r page grid package (portions licensed from W. E
. Baxter web at superscript.com)]
\c@linecount=\count83
\output@latex=\toks14
\box@size@1=\box28
\box@size@2=\box29
\@protection@box=\box30
\@topmark@saved=\toks15
\footins@saved=\box31
\footins@recovered=\box32
\column@recovered=\box33
\pagesofar=\box34
\footsofar=\box35
\pagegrid@col=\count84
Class revtex4-1 Info: Overriding \@vspace, \@vspacer, \@no@pgbk, \@newline, and
 \\  on input line 5578.
\c@part=\count85
\c@section=\count86
\c@subsection=\count87
\c@subsubsection=\count88
\c@paragraph=\count89
\c@subparagraph=\count90
\abovecaptionskip=\skip42
\belowcaptionskip=\skip43
\c@figure=\count91
\fbox@1=\box36
\c@table=\count92
\fbox@2=\box37
\c@video=\count93
\fbox@4=\box38
\@bibdataout=\write3
\widetext@top=\box39
\widetext@bot=\box40

Class revtex4-1 Warning: No Society specified, using default society aps.

(/usr/local/lib/tex/latex2e/unpacked/aps4-1.rtx
File: aps4-1 2010/07/25/20:33:00 4.1r (http://publish.aps.org/revtex4/ for docu
mentation)
Class revtex4-1 Info: RevTeX society APS selected on input line 31.
)

Class revtex4-1 Warning: No journal specified, using default pra.

Class revtex4-1 Info: APS journal PRA selected on input line 7545.
(/usr/local/lib/tex/latex2e/unpacked/aps12pt4-1.rtx
File: aps12pt4-1 2010/07/25/20:33:00 4.1r (http://publish.aps.org/revtex4/ for 
documentation)
Class revtex4-1 Info: RevTeX pointsize 12pt selected on input line 30.
)
(/usr/local/lib/tex/latex2e/unpacked/textcase.sty
Package: textcase 2004/10/07 v0.07 Text only upper/lower case changing (DPC)
)
(/usr/local/lib/tex/inputs/url.sty
\Urlmuskip=\muskip10
Package: url 2005/06/27  ver 3.2  Verb mode for urls, etc.
)
(/usr/local/lib/tex/latex2e/unpacked/natbib.sty
Package: natbib 2009/11/07 8.31a (PWD, AO)
\bibhang=\skip44
\bibsep=\skip45
LaTeX Info: Redefining \cite on input line 694.
\c@NAT@ctr=\count94
)
Class revtex4-1 Info: Repairing natbib's \BibitemShut on input line 7549.

(/usr/local/lib/tex/latex2e/unpacked/revsymb4-1.sty
Package: revsymb4-1 2010/07/25/20:33:00 4.1r (http://publish.aps.org/revtex4/ f
or documentation)
LaTeX Info: Redefining \REV@mathfrak on input line 119.
))
(/usr/local/lib/tex/latex2e/unpacked/graphicx.sty
Package: graphicx 1999/02/16 v1.0f Enhanced LaTeX Graphics (DPC,SPQR)

(/usr/local/lib/tex/latex2e/unpacked/keyval.sty
Package: keyval 1999/03/16 v1.13 key=value parser (DPC)
\KV@toks@=\toks16
)
(/usr/local/lib/tex/latex2e/unpacked/graphics.sty
Package: graphics 2001/07/07 v1.0n Standard LaTeX Graphics (DPC,SPQR)

(/usr/local/lib/tex/inputs/trig.sty
Package: trig 1994/10/16 v1.08 sin cos tan (DPC)
)
(/usr/local/lib/tex/latex2e/unpacked/graphics.cfg)
Package graphics Info: Driver file: dvips.def on input line 80.

(/usr/local/lib/tex/latex2e/unpacked/dvips.def
File: dvips.def 1999/02/16 v3.0i Driver-dependant file (DPC,SPQR)
))
\Gin@req@height=\dimen102
\Gin@req@width=\dimen103
)
(/usr/local/lib/tex/latex2e/unpacked/dcolumn.sty
Package: dcolumn 2001/05/28 v1.06 decimal alignment package (DPC)

(/usr/local/lib/tex/latex2e/unpacked/array.sty
Package: array 1998/05/13 v2.3m Tabular extension package (FMi)
\col@sep=\dimen104
\extrarowheight=\dimen105
\NC@list=\toks17
\extratabsurround=\skip46
\backup@length=\skip47
))
(/usr/local/lib/tex/latex2e/unpacked/bm.sty
Package: bm 1999/07/05 v1.0g Bold Symbol Support (DPC/FMi)
\symboldoperators=\mathgroup4
\symboldletters=\mathgroup5
\symboldsymbols=\mathgroup6
LaTeX Font Info:    Redeclaring math alphabet \mathbf on input line 137.
LaTeX Info: Redefining \bm on input line 195.
)
(/usr/local/lib/tex/latex2e/unpacked/amsmath.sty
Package: amsmath 2000/07/18 v2.13 AMS math features
\@mathmargin=\skip48

For additional information on amsmath, use the `?' option.
(/usr/local/lib/tex/latex2e/unpacked/amstext.sty
Package: amstext 2000/06/29 v2.01

(/usr/local/lib/tex/latex2e/unpacked/amsgen.sty
File: amsgen.sty 1999/11/30 v2.0
\@emptytoks=\toks18
\ex@=\dimen106
)
LaTeX Info: Redefining \text on input line 53.
)
(/usr/local/lib/tex/latex2e/unpacked/amsbsy.sty
Package: amsbsy 1999/11/29 v1.2d
LaTeX Info: Redefining \boldsymbol on input line 54.
\pmbraise@=\dimen107
)
(/usr/local/lib/tex/latex2e/unpacked/amsopn.sty
Package: amsopn 1999/12/14 v2.01 operator names
)
\inf@bad=\count95
LaTeX Info: Redefining \frac on input line 211.
\uproot@=\count96
\leftroot@=\count97
LaTeX Info: Redefining \overline on input line 307.
\classnum@=\count98
\DOTSCASE@=\count99
LaTeX Info: Redefining \ldots on input line 379.
LaTeX Info: Redefining \dots on input line 382.
LaTeX Info: Redefining \cdots on input line 467.
\Mathstrutbox@=\box41
\strutbox@=\box42
\big@size=\dimen108
LaTeX Font Info:    Redeclaring font encoding OML on input line 567.
LaTeX Font Info:    Redeclaring font encoding OMS on input line 568.
\macc@depth=\count100
\c@MaxMatrixCols=\count101
\dotsspace@=\muskip11
\c@parentequation=\count102
\dspbrk@lvl=\count103
\tag@help=\toks19
\row@=\count104
\column@=\count105
\maxfields@=\count106
\andhelp@=\toks20
\eqnshift@=\dimen109
\alignsep@=\dimen110
\tagshift@=\dimen111
\tagwidth@=\dimen112
\totwidth@=\dimen113
\lineht@=\dimen114
\@envbody=\toks21
\multlinegap=\skip49
\multlinetaggap=\skip50
\mathdisplay@stack=\toks22
LaTeX Info: Redefining \[ on input line 2666.
LaTeX Info: Redefining \] on input line 2667.
)
(/usr/local/lib/tex/latex2e/unpacked/amssymb.sty
Package: amssymb 2002/01/22 v2.2d

(/usr/local/lib/tex/latex2e/unpacked/amsfonts.sty
Package: amsfonts 2001/10/25 v2.2f
\symAMSa=\mathgroup7
\symAMSb=\mathgroup8
LaTeX Font Info:    Overwriting math alphabet `\mathfrak' in version `bold'
(Font)                  U/euf/m/n --> U/euf/b/n on input line 132.
LaTeX Info: Redefining \frak on input line 135.
LaTeX Info: Redefining \Bbb on input line 137.
))
(/usr/local/lib/tex/latex2e/unpacked/latexsym.sty
Package: latexsym 1998/08/17 v2.2e Standard LaTeX package (lasy symbols)
\symlasy=\mathgroup9
LaTeX Font Info:    Overwriting symbol font `lasy' in version `bold'
(Font)                  U/lasy/m/n --> U/lasy/b/n on input line 47.
)
(/usr/local/lib/tex/latex2e/unpacked/mathrsfs.sty
Package: mathrsfs 1996/01/01 Math RSFS package v1.0 (jk)
\symrsfs=\mathgroup10
)
\c@lemma=\count107
\c@theorem=\count108
\c@definition=\count109
\c@remark=\count110
Class revtex4-1 Info: Patching array package. on input line 32.
Class revtex4-1 Info: Robustifying \LaTeX's \boldmath command on input line 32.

Class revtex4-1 Info: cite was not loaded (OK!) on input line 32.
Class revtex4-1 Info: mcite was not loaded (OK!) on input line 32.
Class revtex4-1 Info: multicol was not loaded (OK!) on input line 32.


LaTeX Warning: Unused global option(s):
    [english,jmp,graphicx].

(Murphy_Golden_JMP_Critical_Theory_8-6-11.aux)
LaTeX Font Info:    Checking defaults for OML/cmm/m/it on input line 32.
LaTeX Font Info:    ... okay on input line 32.
LaTeX Font Info:    Checking defaults for T1/cmr/m/n on input line 32.
LaTeX Font Info:    ... okay on input line 32.
LaTeX Font Info:    Checking defaults for OT1/cmr/m/n on input line 32.
LaTeX Font Info:    ... okay on input line 32.
LaTeX Font Info:    Checking defaults for OMS/cmsy/m/n on input line 32.
LaTeX Font Info:    ... okay on input line 32.
LaTeX Font Info:    Checking defaults for OMX/cmex/m/n on input line 32.
LaTeX Font Info:    ... okay on input line 32.
LaTeX Font Info:    Checking defaults for U/cmr/m/n on input line 32.
LaTeX Font Info:    ... okay on input line 32.
LaTeX Font Info:    Try loading font information for U+msa on input line 103.

(/usr/local/lib/tex/latex2e/unpacked/umsa.fd
File: umsa.fd 2002/01/19 v2.2g AMS font definitions
)
LaTeX Font Info:    Try loading font information for U+msb on input line 103.

(/usr/local/lib/tex/latex2e/unpacked/umsb.fd
File: umsb.fd 2002/01/19 v2.2g AMS font definitions
)
LaTeX Font Info:    Try loading font information for U+lasy on input line 103.

(/usr/local/lib/tex/latex2e/unpacked/ulasy.fd
File: ulasy.fd 1998/08/17 v2.2e LaTeX symbol font definitions
)
LaTeX Font Info:    Try loading font information for U+rsfs on input line 103.

(/usr/local/lib/tex/latex2e/unpacked/ursfs.fd
File: ursfs.fd 1998/03/24 rsfs font definition file (jk)
) [1] [2] [3] [4] [5] [6]

LaTeX Warning: Reference `sec:Resolv_Rep_E_D' on page 7 undefined on input line
 446.


LaTeX Warning: Reference `eq:Herglotz_Energy_Rep_E' on page 7 undefined on inpu
t line 483.


LaTeX Warning: Reference `eq:Herglotz_Energy_Rep_G' on page 7 undefined on inpu
t line 483.

[7]

LaTeX Warning: Reference `sec:Resolv_Rep_E_D' on page 8 undefined on input line
 543.

[8]

LaTeX Warning: Reference `sec:Background_TACM' on page 9 undefined on input lin
e 569.


LaTeX Warning: Reference `sec:Resolv_Rep_E_D' on page 9 undefined on input line
 570.


LaTeX Warning: Reference `thm:Spectral_Theorem' on page 9 undefined on input li
ne 590.


LaTeX Warning: Reference `Eq:Energy_Basis_F' on page 9 undefined on input line 
604.


LaTeX Warning: Reference `thm:Spectral_Theorem' on page 9 undefined on input li
ne 611.


LaTeX Warning: Reference `Eq:Energy_Basis_F' on page 9 undefined on input line 
619.

[9]

LaTeX Warning: Reference `thm:Spectral_Theorem' on page 10 undefined on input l
ine 658.


LaTeX Warning: Reference `sec:Background_TACM' on page 10 undefined on input li
ne 713.


LaTeX Warning: Reference `sec:Resolv_Rep_E_D' on page 10 undefined on input lin
e 713.

[10]

LaTeX Warning: Reference `sec:StatMech_of_Composites' on page 11 undefined on i
nput line 772.

[11]

LaTeX Warning: Reference `sec:Background_TACM' on page 12 undefined on input li
ne 780.


LaTeX Warning: Reference `sec:Magnetic_Systems' on page 12 undefined on input l
ine 781.


LaTeX Warning: Reference `eq:Ht_Integral' on page 12 undefined on input line 81
4.

[12]

LaTeX Warning: Reference `sec:Resolv_Rep_E_D' on page 13 undefined on input lin
e 853.

[13]

Package amsmath Warning: Foreign command \atopwithdelims;
(amsmath)                \frac or \genfrac should be used instead
(amsmath)                 on input line 961.

[14] [15] [16]

LaTeX Warning: Reference `sec:Magnetic_Systems' on page 17 undefined on input l
ine 1115.

[17]

LaTeX Warning: Reference `sec:Spectral_Gap' on page 18 undefined on input line 
1174.


LaTeX Warning: Reference `sec:Calc_Spec_Meas_Comp_Micro' on page 18 undefined o
n input line 1176.

[18] [19]

LaTeX Warning: Reference `eq:Herglotz_Energy_Rep_E' on page 20 undefined on inp
ut line 1271.


LaTeX Warning: Reference `eq:Herglotz_Energy_Rep_G' on page 20 undefined on inp
ut line 1272.

[20]

LaTeX Warning: Reference `eq:Herglotz_Energy_Rep_E' on page 21 undefined on inp
ut line 1324.


LaTeX Warning: Reference `eq:Herglotz_Energy_Rep_G' on page 21 undefined on inp
ut line 1324.

[21] [22] [23] [24] [25] [26] [27] [28] [29] [30] [31] [32] [33]

LaTeX Warning: Reference `sec:StatMech_of_Composites' on page 34 undefined on i
nput line 2392.

[34] [35] [36] [37] [38] (Murphy_Golden_JMP_Critical_Theory_8-6-11.bbl [39])

Class revtex4-1 Warning: Command \draft is obsolete;
Invoke option draft instead..

[40] (Murphy_Golden_JMP_Critical_Theory_8-6-11.aux)

LaTeX Warning: There were undefined references.

 ) 
Here is how much of TeX's memory you used:
 3962 strings out of 28583
 49484 string characters out of 471185
 120216 words of memory out of 524286
 6811 multiletter control sequences out of 27000
 16614 words of font info for 64 fonts, out of 800000 for 255
 14 hyphenation exceptions out of 2003
 32i,16n,24p,284b,436s stack positions out of 300i,40n,60p,3000b,4000s

Output written on Murphy_Golden_JMP_Critical_Theory_8-6-11.dvi (40 pages, 18278
4 bytes).
